logs/exp_013.txt
val_bpb:enabled tokenizer_kind=sentencepiece tokenizer_path=./data/tokenizers/fineweb_1024_bpe.model
train_loader:dataset:fineweb10B_sp1024 train_shards:80
val_loader:shards pattern=./data/datasets/fineweb10B_sp1024/fineweb_val_*.bin tokens:62021632
model_params:6035992
world_size:1 grad_accum_steps:8
sdp_backends:cudnn=False flash=True mem_efficient=False math=False
attention_mode:gqa num_heads:8 num_kv_heads:4
tie_embeddings:True embed_lr:0.05 head_lr:0.0 matrix_lr:0.1 scalar_lr:0.04
train_batch_tokens:262144 train_seq_len:1024 iterations:20000 warmup_steps:20 max_wallclock_seconds:120.000
seed:1337
warmup_step:1/20
warmup_step:2/20
warmup_step:3/20
warmup_step:4/20
warmup_step:5/20
warmup_step:6/20
warmup_step:7/20
warmup_step:8/20
warmup_step:9/20
warmup_step:10/20
warmup_step:11/20
warmup_step:12/20
warmup_step:13/20
warmup_step:14/20
warmup_step:15/20
warmup_step:16/20
warmup_step:17/20
warmup_step:18/20
warmup_step:19/20
warmup_step:20/20
step:0/20000 val_loss:6.9324 val_bpb:4.1058 train_time:0ms step_avg:0.02ms
step:1/20000 train_loss:6.9379 train_time:208ms step_avg:208.30ms
step:2/20000 train_loss:17.1922 train_time:501ms step_avg:250.50ms
step:3/20000 train_loss:12.2604 train_time:785ms step_avg:261.67ms
step:4/20000 train_loss:7.8446 train_time:998ms step_avg:249.49ms
step:5/20000 train_loss:6.3524 train_time:1299ms step_avg:259.72ms
step:6/20000 train_loss:6.0613 train_time:1602ms step_avg:266.95ms
step:7/20000 train_loss:6.0182 train_time:1885ms step_avg:269.25ms
step:8/20000 train_loss:5.8821 train_time:2105ms step_avg:263.08ms
step:9/20000 train_loss:5.8651 train_time:2394ms step_avg:266.05ms
step:10/20000 train_loss:5.8489 train_time:2693ms step_avg:269.30ms
step:200/20000 train_loss:2.9388 train_time:51389ms step_avg:256.95ms
step:400/20000 train_loss:2.6280 train_time:103007ms step_avg:257.52ms
step:467/20000 val_loss:2.6664 val_bpb:1.5792 train_time:120188ms step_avg:257.36ms
stopping_early: wallclock_cap train_time:120188ms step:467/20000
peak memory allocated: 2821 MiB reserved: 3026 MiB
Serialized model: 23107206 bytes
Code size: 48302 bytes
Total submission size: 23155508 bytes
Serialized model int8+zlib: 4108045 bytes (payload:6076512 raw_torch:6091837 payload_ratio:3.80x)
Total submission size int8+zlib: 4156347 bytes
/workspace/parameter-golf/train_gpt.py:1113: FutureWarning: You are using `torch.load` with `weights_only=False` (the current default value), which uses the default pickle module implicitly. It is possible to construct malicious pickle data which will execute arbitrary code during unpickling (See https://github.com/pytorch/pytorch/blob/main/SECURITY.md#untrusted-models for more details). In a future release, the default value for `weights_only` will be flipped to `True`. This limits the functions that could be executed during unpickling. Arbitrary objects will no longer be allowed to be loaded via this mode unless they are explicitly allowlisted by the user via `torch.serialization.add_safe_globals`. We recommend you start setting `weights_only=True` for any use case where you don't have full control of the loaded file. Please open an issue on GitHub for any issues related to this experimental feature.
  quant_state = torch.load(io.BytesIO(zlib.decompress(quant_blob_disk)), map_location="cpu")
final_int8_zlib_roundtrip val_loss:2.6734 val_bpb:1.5833 eval_time:6437ms
final_int8_zlib_roundtrip_exact val_loss:2.67336650 val_bpb:1.58331822
