logs/exp_009.txt
val_bpb:enabled tokenizer_kind=sentencepiece tokenizer_path=./data/tokenizers/fineweb_1024_bpe.model
train_loader:dataset:fineweb10B_sp1024 train_shards:80
val_loader:shards pattern=./data/datasets/fineweb10B_sp1024/fineweb_val_*.bin tokens:62021632
model_params:9265310
world_size:1 grad_accum_steps:8
sdp_backends:cudnn=False flash=True mem_efficient=False math=False
attention_mode:gqa num_heads:10 num_kv_heads:5
tie_embeddings:True embed_lr:0.05 head_lr:0.0 matrix_lr:0.04 scalar_lr:0.04
train_batch_tokens:524288 train_seq_len:1024 iterations:20000 warmup_steps:20 max_wallclock_seconds:120.000
seed:1337
warmup_step:1/20
warmup_step:2/20
warmup_step:3/20
warmup_step:4/20
warmup_step:5/20
warmup_step:6/20
warmup_step:7/20
warmup_step:8/20
warmup_step:9/20
warmup_step:10/20
warmup_step:11/20
warmup_step:12/20
warmup_step:13/20
warmup_step:14/20
warmup_step:15/20
warmup_step:16/20
warmup_step:17/20
warmup_step:18/20
warmup_step:19/20
warmup_step:20/20
step:0/20000 val_loss:6.9349 val_bpb:4.1073 train_time:0ms step_avg:0.02ms
step:1/20000 train_loss:6.9458 train_time:272ms step_avg:271.87ms
step:2/20000 train_loss:20.0319 train_time:568ms step_avg:283.99ms
step:3/20000 train_loss:15.6049 train_time:834ms step_avg:278.04ms
step:4/20000 train_loss:11.0389 train_time:1170ms step_avg:292.40ms
step:5/20000 train_loss:7.8828 train_time:1472ms step_avg:294.47ms
step:6/20000 train_loss:6.5337 train_time:1768ms step_avg:294.65ms
step:7/20000 train_loss:5.9300 train_time:2072ms step_avg:296.00ms
step:8/20000 train_loss:5.8689 train_time:2492ms step_avg:311.46ms
step:9/20000 train_loss:5.8729 train_time:2881ms step_avg:320.07ms
step:10/20000 train_loss:5.9009 train_time:3387ms step_avg:338.68ms
step:200/20000 train_loss:2.9017 train_time:60524ms step_avg:302.62ms
step:398/20000 val_loss:2.6944 val_bpb:1.5958 train_time:120052ms step_avg:301.64ms
stopping_early: wallclock_cap train_time:120052ms step:398/20000
peak memory allocated: 5978 MiB reserved: 6322 MiB
Serialized model: 35762310 bytes
Code size: 47781 bytes
Total submission size: 35810091 bytes
Serialized model int8+zlib: 4923592 bytes (payload:9315448 raw_torch:9330749 payload_ratio:3.84x)
Total submission size int8+zlib: 4971373 bytes
/workspace/parameter-golf/train_gpt.py:1101: FutureWarning: You are using `torch.load` with `weights_only=False` (the current default value), which uses the default pickle module implicitly. It is possible to construct malicious pickle data which will execute arbitrary code during unpickling (See https://github.com/pytorch/pytorch/blob/main/SECURITY.md#untrusted-models for more details). In a future release, the default value for `weights_only` will be flipped to `True`. This limits the functions that could be executed during unpickling. Arbitrary objects will no longer be allowed to be loaded via this mode unless they are explicitly allowlisted by the user via `torch.serialization.add_safe_globals`. We recommend you start setting `weights_only=True` for any use case where you don't have full control of the loaded file. Please open an issue on GitHub for any issues related to this experimental feature.
  quant_state = torch.load(io.BytesIO(zlib.decompress(quant_blob_disk)), map_location="cpu")
final_int8_zlib_roundtrip val_loss:2.7472 val_bpb:1.6270 eval_time:8403ms
final_int8_zlib_roundtrip_exact val_loss:2.74715851 val_bpb:1.62702201
