logs/exp_021.txt
val_bpb:enabled tokenizer_kind=sentencepiece tokenizer_path=./data/tokenizers/fineweb_1024_bpe.model
train_loader:dataset:fineweb10B_sp1024 train_shards:80
val_loader:shards pattern=./data/datasets/fineweb10B_sp1024/fineweb_val_*.bin tokens:62021632
model_params:17059912
world_size:1 grad_accum_steps:8
sdp_backends:cudnn=False flash=True mem_efficient=False math=False
attention_mode:gqa num_heads:8 num_kv_heads:4
tie_embeddings:True embed_lr:0.05 head_lr:0.0 matrix_lr:0.04 scalar_lr:0.04
train_batch_tokens:524288 train_seq_len:2048 iterations:20000 warmup_steps:20 max_wallclock_seconds:600.000
seed:1337
warmup_step:1/20
warmup_step:2/20
warmup_step:3/20
warmup_step:4/20
warmup_step:5/20
warmup_step:6/20
warmup_step:7/20
warmup_step:8/20
warmup_step:9/20
warmup_step:10/20
warmup_step:11/20
warmup_step:12/20
warmup_step:13/20
warmup_step:14/20
warmup_step:15/20
warmup_step:16/20
warmup_step:17/20
warmup_step:18/20
warmup_step:19/20
warmup_step:20/20
step:0/20000 val_loss:6.9344 val_bpb:4.1069 train_time:0ms step_avg:0.02ms
step:1/20000 train_loss:6.9357 train_time:653ms step_avg:653.37ms
step:2/20000 train_loss:16.3844 train_time:1390ms step_avg:694.91ms
step:3/20000 train_loss:9.2309 train_time:2164ms step_avg:721.27ms
step:4/20000 train_loss:6.6240 train_time:3094ms step_avg:773.61ms
step:5/20000 train_loss:6.3648 train_time:3801ms step_avg:760.17ms
step:6/20000 train_loss:6.5416 train_time:4511ms step_avg:751.84ms
step:7/20000 train_loss:6.3518 train_time:5259ms step_avg:751.29ms
step:8/20000 train_loss:6.1928 train_time:5991ms step_avg:748.94ms
step:9/20000 train_loss:6.0455 train_time:6706ms step_avg:745.12ms
step:10/20000 train_loss:5.9429 train_time:7491ms step_avg:749.08ms
step:200/20000 train_loss:2.7140 train_time:140328ms step_avg:701.64ms
step:400/20000 train_loss:2.3260 train_time:280026ms step_avg:700.07ms
step:600/20000 train_loss:2.4167 train_time:420509ms step_avg:700.85ms
step:800/20000 train_loss:2.2620 train_time:561654ms step_avg:702.07ms
step:856/20000 val_loss:2.2835 val_bpb:1.3524 train_time:600662ms step_avg:701.71ms
stopping_early: wallclock_cap train_time:600662ms step:856/20000
peak memory allocated: 13066 MiB reserved: 13634 MiB
Serialized model: 67224578 bytes
Code size: 53393 bytes
Total submission size: 67277971 bytes
Serialized model int8+zlib: 11813894 bytes (payload:17178912 raw_torch:17223564 payload_ratio:3.91x)
Total submission size int8+zlib: 11867287 bytes
/workspace/parameter-golf/train_gpt.py:1222: FutureWarning: You are using `torch.load` with `weights_only=False` (the current default value), which uses the default pickle module implicitly. It is possible to construct malicious pickle data which will execute arbitrary code during unpickling (See https://github.com/pytorch/pytorch/blob/main/SECURITY.md#untrusted-models for more details). In a future release, the default value for `weights_only` will be flipped to `True`. This limits the functions that could be executed during unpickling. Arbitrary objects will no longer be allowed to be loaded via this mode unless they are explicitly allowlisted by the user via `torch.serialization.add_safe_globals`. We recommend you start setting `weights_only=True` for any use case where you don't have full control of the loaded file. Please open an issue on GitHub for any issues related to this experimental feature.
  quant_state = torch.load(io.BytesIO(zlib.decompress(quant_blob_disk)), map_location="cpu")
final_int8_zlib_roundtrip val_loss:2.2885 val_bpb:1.3554 eval_time:21834ms
final_int8_zlib_roundtrip_exact val_loss:2.28845282 val_bpb:1.35535066
