logs/exp_014.txt
val_bpb:enabled tokenizer_kind=sentencepiece tokenizer_path=./data/tokenizers/fineweb_1024_bpe.model
train_loader:dataset:fineweb10B_sp1024 train_shards:2
val_loader:shards pattern=./data/datasets/fineweb10B_sp1024/fineweb_val_*.bin tokens:62021632
model_params:7873568
world_size:1 grad_accum_steps:8
sdp_backends:cudnn=False flash=True mem_efficient=False math=False
attention_mode:gqa num_heads:8 num_kv_heads:4
tie_embeddings:True embed_lr:0.05 head_lr:0.0 matrix_lr:0.04 scalar_lr:0.04
train_batch_tokens:131072 train_seq_len:1024 iterations:20000 warmup_steps:20 max_wallclock_seconds:120.000
seed:1337
warmup_step:1/20
warmup_step:2/20
warmup_step:3/20
warmup_step:4/20
warmup_step:5/20
warmup_step:6/20
warmup_step:7/20
warmup_step:8/20
warmup_step:9/20
warmup_step:10/20
warmup_step:11/20
warmup_step:12/20
warmup_step:13/20
warmup_step:14/20
warmup_step:15/20
warmup_step:16/20
warmup_step:17/20
warmup_step:18/20
warmup_step:19/20
warmup_step:20/20
step:0/20000 val_loss:6.9336 val_bpb:4.1065 train_time:0ms step_avg:0.01ms
step:1/20000 train_loss:6.9370 train_time:202ms step_avg:202.09ms
step:2/20000 train_loss:17.5857 train_time:412ms step_avg:206.11ms
step:3/20000 train_loss:12.5334 train_time:626ms step_avg:208.50ms
step:4/20000 train_loss:8.2816 train_time:850ms step_avg:212.44ms
step:5/20000 train_loss:6.4868 train_time:1064ms step_avg:212.80ms
step:6/20000 train_loss:6.0619 train_time:1293ms step_avg:215.42ms
step:7/20000 train_loss:5.9950 train_time:1527ms step_avg:218.14ms
step:8/20000 train_loss:5.9348 train_time:1756ms step_avg:219.52ms
step:9/20000 train_loss:5.9062 train_time:1987ms step_avg:220.83ms
step:10/20000 train_loss:5.9254 train_time:2217ms step_avg:221.68ms
step:200/20000 train_loss:3.0635 train_time:43212ms step_avg:216.06ms
step:400/20000 train_loss:2.8183 train_time:86913ms step_avg:217.28ms
step:554/20000 val_loss:2.6764 val_bpb:1.5851 train_time:120116ms step_avg:216.82ms
stopping_early: wallclock_cap train_time:120116ms step:554/20000
peak memory allocated: 1627 MiB reserved: 1912 MiB
Serialized model: 30461136 bytes
Code size: 47781 bytes
Total submission size: 30508917 bytes
Serialized model int8+zlib: 4812513 bytes (payload:7927936 raw_torch:7948045 payload_ratio:3.84x)
Total submission size int8+zlib: 4860294 bytes
/workspace/parameter-golf/train_gpt.py:1101: FutureWarning: You are using `torch.load` with `weights_only=False` (the current default value), which uses the default pickle module implicitly. It is possible to construct malicious pickle data which will execute arbitrary code during unpickling (See https://github.com/pytorch/pytorch/blob/main/SECURITY.md#untrusted-models for more details). In a future release, the default value for `weights_only` will be flipped to `True`. This limits the functions that could be executed during unpickling. Arbitrary objects will no longer be allowed to be loaded via this mode unless they are explicitly allowlisted by the user via `torch.serialization.add_safe_globals`. We recommend you start setting `weights_only=True` for any use case where you don't have full control of the loaded file. Please open an issue on GitHub for any issues related to this experimental feature.
  quant_state = torch.load(io.BytesIO(zlib.decompress(quant_blob_disk)), map_location="cpu")
final_int8_zlib_roundtrip val_loss:2.6880 val_bpb:1.5920 eval_time:25544ms
final_int8_zlib_roundtrip_exact val_loss:2.68799135 val_bpb:1.59197988
