logs/exp_019.txt
val_bpb:enabled tokenizer_kind=sentencepiece tokenizer_path=./data/tokenizers/fineweb_1024_bpe.model
train_loader:dataset:fineweb10B_sp1024 train_shards:80
val_loader:shards pattern=./data/datasets/fineweb10B_sp1024/fineweb_val_*.bin tokens:62021632
model_params:17059912
world_size:1 grad_accum_steps:8
sdp_backends:cudnn=False flash=True mem_efficient=False math=False
attention_mode:gqa num_heads:8 num_kv_heads:4
tie_embeddings:True embed_lr:0.03 head_lr:0.0 matrix_lr:0.02 scalar_lr:0.02
train_batch_tokens:393216 train_seq_len:4096 iterations:20000 warmup_steps:20 max_wallclock_seconds:600.000
seed:1337
warmup_step:1/20
warmup_step:2/20
warmup_step:3/20
warmup_step:4/20
warmup_step:5/20
warmup_step:6/20
warmup_step:7/20
warmup_step:8/20
warmup_step:9/20
warmup_step:10/20
warmup_step:11/20
warmup_step:12/20
warmup_step:13/20
warmup_step:14/20
warmup_step:15/20
warmup_step:16/20
warmup_step:17/20
warmup_step:18/20
warmup_step:19/20
warmup_step:20/20
step:0/20000 val_loss:6.9344 val_bpb:4.1069 train_time:0ms step_avg:0.02ms
step:1/20000 train_loss:6.9366 train_time:627ms step_avg:627.39ms
step:2/20000 train_loss:11.9245 train_time:1353ms step_avg:676.31ms
step:3/20000 train_loss:9.6338 train_time:2066ms step_avg:688.69ms
step:4/20000 train_loss:7.3739 train_time:2766ms step_avg:691.62ms
step:5/20000 train_loss:6.1900 train_time:3525ms step_avg:705.08ms
step:6/20000 train_loss:5.7307 train_time:4263ms step_avg:710.54ms
step:7/20000 train_loss:5.7669 train_time:5057ms step_avg:722.42ms
step:8/20000 train_loss:5.6939 train_time:5755ms step_avg:719.40ms
step:9/20000 train_loss:5.6980 train_time:6568ms step_avg:729.72ms
step:10/20000 train_loss:5.7136 train_time:7351ms step_avg:735.10ms
step:200/20000 train_loss:3.1628 train_time:135143ms step_avg:675.72ms
step:400/20000 train_loss:2.5963 train_time:269994ms step_avg:674.98ms
step:600/20000 train_loss:2.4519 train_time:404805ms step_avg:674.68ms
step:800/20000 train_loss:2.4511 train_time:539718ms step_avg:674.65ms
step:890/20000 val_loss:2.3870 val_bpb:1.4137 train_time:600362ms step_avg:674.56ms
stopping_early: wallclock_cap train_time:600362ms step:890/20000
peak memory allocated: 9912 MiB reserved: 10054 MiB
Serialized model: 67224578 bytes
Code size: 48302 bytes
Total submission size: 67272880 bytes
Serialized model int8+zlib: 9067540 bytes (payload:17178912 raw_torch:17223564 payload_ratio:3.91x)
Total submission size int8+zlib: 9115842 bytes
/workspace/parameter-golf/train_gpt.py:1113: FutureWarning: You are using `torch.load` with `weights_only=False` (the current default value), which uses the default pickle module implicitly. It is possible to construct malicious pickle data which will execute arbitrary code during unpickling (See https://github.com/pytorch/pytorch/blob/main/SECURITY.md#untrusted-models for more details). In a future release, the default value for `weights_only` will be flipped to `True`. This limits the functions that could be executed during unpickling. Arbitrary objects will no longer be allowed to be loaded via this mode unless they are explicitly allowlisted by the user via `torch.serialization.add_safe_globals`. We recommend you start setting `weights_only=True` for any use case where you don't have full control of the loaded file. Please open an issue on GitHub for any issues related to this experimental feature.
  quant_state = torch.load(io.BytesIO(zlib.decompress(quant_blob_disk)), map_location="cpu")
final_int8_zlib_roundtrip val_loss:2.4442 val_bpb:1.4476 eval_time:27790ms
final_int8_zlib_roundtrip_exact val_loss:2.44424281 val_bpb:1.44761827
