logs/exp_011.txt
val_bpb:enabled tokenizer_kind=sentencepiece tokenizer_path=./data/tokenizers/fineweb_1024_bpe.model
train_loader:dataset:fineweb10B_sp1024 train_shards:2
val_loader:shards pattern=./data/datasets/fineweb10B_sp1024/fineweb_val_*.bin tokens:62021632
model_params:4198928
world_size:1 grad_accum_steps:8
sdp_backends:cudnn=False flash=True mem_efficient=False math=False
attention_mode:gqa num_heads:8 num_kv_heads:4
tie_embeddings:True embed_lr:0.05 head_lr:0.0 matrix_lr:0.04 scalar_lr:0.04
train_batch_tokens:65536 train_seq_len:1024 iterations:20000 warmup_steps:20 max_wallclock_seconds:120.000
seed:1337
warmup_step:1/20
warmup_step:2/20
warmup_step:3/20
warmup_step:4/20
warmup_step:5/20
warmup_step:6/20
warmup_step:7/20
warmup_step:8/20
warmup_step:9/20
warmup_step:10/20
warmup_step:11/20
warmup_step:12/20
warmup_step:13/20
warmup_step:14/20
warmup_step:15/20
warmup_step:16/20
warmup_step:17/20
warmup_step:18/20
warmup_step:19/20
warmup_step:20/20
step:0/20000 val_loss:6.9339 val_bpb:4.1066 train_time:0ms step_avg:0.01ms
step:1/20000 train_loss:6.9384 train_time:84ms step_avg:83.83ms
step:2/20000 train_loss:18.3964 train_time:181ms step_avg:90.38ms
step:3/20000 train_loss:10.4289 train_time:300ms step_avg:100.00ms
step:4/20000 train_loss:6.7537 train_time:433ms step_avg:108.26ms
step:5/20000 train_loss:6.2748 train_time:563ms step_avg:112.61ms
step:6/20000 train_loss:6.2660 train_time:692ms step_avg:115.31ms
step:7/20000 train_loss:6.1328 train_time:819ms step_avg:117.07ms
step:8/20000 train_loss:6.0740 train_time:953ms step_avg:119.08ms
step:9/20000 train_loss:6.0578 train_time:1089ms step_avg:120.95ms
step:10/20000 train_loss:5.9328 train_time:1224ms step_avg:122.43ms
step:200/20000 train_loss:3.4783 train_time:25069ms step_avg:125.35ms
step:400/20000 train_loss:3.0394 train_time:45555ms step_avg:113.89ms
step:600/20000 train_loss:2.9022 train_time:67687ms step_avg:112.81ms
step:800/20000 train_loss:2.7674 train_time:92794ms step_avg:115.99ms
step:1000/20000 train_loss:2.8110 train_time:117505ms step_avg:117.51ms
step:1000/20000 val_loss:2.7458 val_bpb:1.6262 train_time:117511ms step_avg:117.51ms
step:1039/20000 val_loss:2.7431 val_bpb:1.6246 train_time:120050ms step_avg:115.54ms
stopping_early: wallclock_cap train_time:120050ms step:1039/20000
peak memory allocated: 731 MiB reserved: 858 MiB
Serialized model: 15755260 bytes
Code size: 47781 bytes
Total submission size: 15803041 bytes
Serialized model int8+zlib: 3123410 bytes (payload:4227136 raw_torch:4237613 payload_ratio:3.73x)
Total submission size int8+zlib: 3171191 bytes
/workspace/parameter-golf/train_gpt.py:1101: FutureWarning: You are using `torch.load` with `weights_only=False` (the current default value), which uses the default pickle module implicitly. It is possible to construct malicious pickle data which will execute arbitrary code during unpickling (See https://github.com/pytorch/pytorch/blob/main/SECURITY.md#untrusted-models for more details). In a future release, the default value for `weights_only` will be flipped to `True`. This limits the functions that could be executed during unpickling. Arbitrary objects will no longer be allowed to be loaded via this mode unless they are explicitly allowlisted by the user via `torch.serialization.add_safe_globals`. We recommend you start setting `weights_only=True` for any use case where you don't have full control of the loaded file. Please open an issue on GitHub for any issues related to this experimental feature.
  quant_state = torch.load(io.BytesIO(zlib.decompress(quant_blob_disk)), map_location="cpu")
final_int8_zlib_roundtrip val_loss:2.7460 val_bpb:1.6264 eval_time:13111ms
final_int8_zlib_roundtrip_exact val_loss:2.74604360 val_bpb:1.62636170
