logs/exp_005.txt
val_bpb:enabled tokenizer_kind=sentencepiece tokenizer_path=./data/tokenizers/fineweb_1024_bpe.model
train_loader:dataset:fineweb10B_sp1024 train_shards:80
val_loader:shards pattern=./data/datasets/fineweb10B_sp1024/fineweb_val_*.bin tokens:62021632
model_params:7873568
world_size:1 grad_accum_steps:8
sdp_backends:cudnn=False flash=True mem_efficient=False math=False
attention_mode:gqa num_heads:8 num_kv_heads:4
tie_embeddings:True embed_lr:0.05 head_lr:0.0 matrix_lr:0.04 scalar_lr:0.04
train_batch_tokens:524288 train_seq_len:1024 iterations:20000 warmup_steps:20 max_wallclock_seconds:120.000
seed:1337
warmup_step:1/20
warmup_step:2/20
warmup_step:3/20
warmup_step:4/20
warmup_step:5/20
warmup_step:6/20
warmup_step:7/20
warmup_step:8/20
warmup_step:9/20
warmup_step:10/20
warmup_step:11/20
warmup_step:12/20
warmup_step:13/20
warmup_step:14/20
warmup_step:15/20
warmup_step:16/20
warmup_step:17/20
warmup_step:18/20
warmup_step:19/20
warmup_step:20/20
step:0/20000 val_loss:6.9336 val_bpb:4.1065 train_time:0ms step_avg:0.02ms
step:1/20000 train_loss:6.9365 train_time:291ms step_avg:290.83ms
step:2/20000 train_loss:17.3547 train_time:596ms step_avg:298.08ms
step:3/20000 train_loss:13.5595 train_time:890ms step_avg:296.79ms
step:4/20000 train_loss:9.7829 train_time:1190ms step_avg:297.56ms
step:5/20000 train_loss:7.3122 train_time:1490ms step_avg:297.96ms
step:6/20000 train_loss:6.3407 train_time:1792ms step_avg:298.62ms
step:7/20000 train_loss:5.9317 train_time:2090ms step_avg:298.61ms
step:8/20000 train_loss:5.8989 train_time:2390ms step_avg:298.72ms
step:9/20000 train_loss:5.8642 train_time:2690ms step_avg:298.89ms
step:10/20000 train_loss:5.8609 train_time:3097ms step_avg:309.72ms
step:200/20000 train_loss:2.8684 train_time:60353ms step_avg:301.77ms
step:395/20000 val_loss:2.6766 val_bpb:1.5852 train_time:120291ms step_avg:304.54ms
stopping_early: wallclock_cap train_time:120291ms step:395/20000
peak memory allocated: 6260 MiB reserved: 6418 MiB
Serialized model: 30461136 bytes
Code size: 47781 bytes
Total submission size: 30508917 bytes
Serialized model int8+zlib: 4375583 bytes (payload:7927936 raw_torch:7948045 payload_ratio:3.84x)
Total submission size int8+zlib: 4423364 bytes
/workspace/parameter-golf/train_gpt.py:1101: FutureWarning: You are using `torch.load` with `weights_only=False` (the current default value), which uses the default pickle module implicitly. It is possible to construct malicious pickle data which will execute arbitrary code during unpickling (See https://github.com/pytorch/pytorch/blob/main/SECURITY.md#untrusted-models for more details). In a future release, the default value for `weights_only` will be flipped to `True`. This limits the functions that could be executed during unpickling. Arbitrary objects will no longer be allowed to be loaded via this mode unless they are explicitly allowlisted by the user via `torch.serialization.add_safe_globals`. We recommend you start setting `weights_only=True` for any use case where you don't have full control of the loaded file. Please open an issue on GitHub for any issues related to this experimental feature.
  quant_state = torch.load(io.BytesIO(zlib.decompress(quant_blob_disk)), map_location="cpu")
final_int8_zlib_roundtrip val_loss:2.7230 val_bpb:1.6127 eval_time:8524ms
final_int8_zlib_roundtrip_exact val_loss:2.72296535 val_bpb:1.61269346
