W0319 22:16:39.109000 127958569804416 torch/distributed/run.py:779] 
W0319 22:16:39.109000 127958569804416 torch/distributed/run.py:779] *****************************************
W0319 22:16:39.109000 127958569804416 torch/distributed/run.py:779] Setting OMP_NUM_THREADS environment variable for each process to be 1 in default, to avoid your system being overloaded, please further tune the variable for optimal performance in your application as needed. 
W0319 22:16:39.109000 127958569804416 torch/distributed/run.py:779] *****************************************
logs/exp_031.txt
val_bpb:enabled tokenizer_kind=sentencepiece tokenizer_path=./data/tokenizers/fineweb_1024_bpe.model
train_loader:dataset:fineweb10B_sp1024 train_shards:80
val_loader:shards pattern=./data/datasets/fineweb10B_sp1024/fineweb_val_*.bin tokens:62021632
model_params:17059912
world_size:8 grad_accum_steps:1
sdp_backends:cudnn=False flash=True mem_efficient=False math=False
attention_mode:gqa num_heads:8 num_kv_heads:4
tie_embeddings:True embed_lr:0.05 head_lr:0.0 matrix_lr:0.02 scalar_lr:0.04
train_batch_tokens:524288 train_seq_len:4096 iterations:20000 warmup_steps:20 max_wallclock_seconds:600.000
seed:1337
warmup_step:1/20
warmup_step:2/20
warmup_step:3/20
warmup_step:4/20
warmup_step:5/20
warmup_step:6/20
warmup_step:7/20
warmup_step:8/20
warmup_step:9/20
warmup_step:10/20
warmup_step:11/20
warmup_step:12/20
warmup_step:13/20
warmup_step:14/20
warmup_step:15/20
warmup_step:16/20
warmup_step:17/20
warmup_step:18/20
warmup_step:19/20
warmup_step:20/20
step:0/20000 val_loss:6.9344 val_bpb:4.1069 train_time:0ms step_avg:0.01ms
step:1/20000 train_loss:6.9370 train_time:39ms step_avg:38.50ms
step:2/20000 train_loss:16.8386 train_time:102ms step_avg:51.24ms
step:3/20000 train_loss:8.8217 train_time:178ms step_avg:59.33ms
step:4/20000 train_loss:6.6712 train_time:254ms step_avg:63.46ms
step:5/20000 train_loss:6.5915 train_time:329ms step_avg:65.81ms
step:6/20000 train_loss:7.4202 train_time:405ms step_avg:67.49ms
step:7/20000 train_loss:6.3711 train_time:480ms step_avg:68.57ms
step:8/20000 train_loss:6.1874 train_time:555ms step_avg:69.40ms
step:9/20000 train_loss:6.1000 train_time:630ms step_avg:70.01ms
step:10/20000 train_loss:6.0085 train_time:706ms step_avg:70.56ms
step:200/20000 train_loss:2.8781 train_time:17074ms step_avg:85.37ms
step:400/20000 train_loss:2.3105 train_time:34015ms step_avg:85.04ms
step:600/20000 train_loss:2.5211 train_time:51023ms step_avg:85.04ms
step:800/20000 train_loss:2.2466 train_time:67997ms step_avg:85.00ms
step:1000/20000 train_loss:2.3324 train_time:84865ms step_avg:84.87ms
step:1000/20000 val_loss:2.2895 val_bpb:1.3560 train_time:84915ms step_avg:84.92ms
step:1200/20000 train_loss:2.3537 train_time:101742ms step_avg:84.79ms
step:1400/20000 train_loss:2.3641 train_time:118605ms step_avg:84.72ms
step:1600/20000 train_loss:2.0284 train_time:135475ms step_avg:84.67ms
step:1800/20000 train_loss:2.1541 train_time:152511ms step_avg:84.73ms
step:2000/20000 train_loss:2.2006 train_time:169729ms step_avg:84.86ms
step:2000/20000 val_loss:2.1804 val_bpb:1.2914 train_time:169780ms step_avg:84.89ms
step:2200/20000 train_loss:2.0201 train_time:187002ms step_avg:85.00ms
step:2400/20000 train_loss:2.1512 train_time:204184ms step_avg:85.08ms
step:2600/20000 train_loss:2.3709 train_time:221151ms step_avg:85.06ms
step:2800/20000 train_loss:2.1862 train_time:238011ms step_avg:85.00ms
step:3000/20000 train_loss:2.1740 train_time:254947ms step_avg:84.98ms
step:3000/20000 val_loss:2.1362 val_bpb:1.2652 train_time:254998ms step_avg:85.00ms
step:3200/20000 train_loss:2.1384 train_time:272001ms step_avg:85.00ms
step:3400/20000 train_loss:2.1060 train_time:289369ms step_avg:85.11ms
step:3600/20000 train_loss:2.0407 train_time:306523ms step_avg:85.15ms
step:3800/20000 train_loss:2.1590 train_time:323686ms step_avg:85.18ms
step:4000/20000 train_loss:2.1154 train_time:340506ms step_avg:85.13ms
step:4000/20000 val_loss:2.1097 val_bpb:1.2495 train_time:340556ms step_avg:85.14ms
step:4200/20000 train_loss:2.1074 train_time:360400ms step_avg:85.81ms
step:4400/20000 train_loss:2.0363 train_time:377720ms step_avg:85.85ms
step:4600/20000 train_loss:1.9212 train_time:394759ms step_avg:85.82ms
step:4800/20000 train_loss:2.1959 train_time:411877ms step_avg:85.81ms
step:5000/20000 train_loss:1.9499 train_time:428543ms step_avg:85.71ms
step:5000/20000 val_loss:2.0932 val_bpb:1.2397 train_time:428595ms step_avg:85.72ms
step:5200/20000 train_loss:2.1103 train_time:445407ms step_avg:85.66ms
step:5400/20000 train_loss:2.1369 train_time:462434ms step_avg:85.64ms
step:5600/20000 train_loss:2.1188 train_time:479273ms step_avg:85.58ms
step:5800/20000 train_loss:2.0673 train_time:496219ms step_avg:85.55ms
step:6000/20000 train_loss:2.1422 train_time:513349ms step_avg:85.56ms
step:6000/20000 val_loss:2.0690 val_bpb:1.2254 train_time:513400ms step_avg:85.57ms
step:6200/20000 train_loss:2.0123 train_time:530259ms step_avg:85.53ms
step:6400/20000 train_loss:2.0809 train_time:547323ms step_avg:85.52ms
step:6600/20000 train_loss:2.0351 train_time:564368ms step_avg:85.51ms
step:6800/20000 train_loss:2.0906 train_time:581358ms step_avg:85.49ms
step:7000/20000 train_loss:2.1356 train_time:598470ms step_avg:85.50ms
step:7000/20000 val_loss:2.0322 val_bpb:1.2036 train_time:598520ms step_avg:85.50ms
step:7021/20000 val_loss:2.0320 val_bpb:1.2035 train_time:600031ms step_avg:85.46ms
stopping_early: wallclock_cap train_time:600031ms step:7021/20000
peak memory allocated: 13068 MiB reserved: 13180 MiB
Serialized model: 67224578 bytes
Code size: 55583 bytes
Total submission size: 67280161 bytes
Serialized model int8+zlib: 15808594 bytes (payload:17178912 raw_torch:17223564 payload_ratio:3.91x)
Total submission size int8+zlib: 15864177 bytes
/workspace/parameter-golf/train_gpt.py:1245: FutureWarning: You are using `torch.load` with `weights_only=False` (the current default value), which uses the default pickle module implicitly. It is possible to construct malicious pickle data which will execute arbitrary code during unpickling (See https://github.com/pytorch/pytorch/blob/main/SECURITY.md#untrusted-models for more details). In a future release, the default value for `weights_only` will be flipped to `True`. This limits the functions that could be executed during unpickling. Arbitrary objects will no longer be allowed to be loaded via this mode unless they are explicitly allowlisted by the user via `torch.serialization.add_safe_globals`. We recommend you start setting `weights_only=True` for any use case where you don't have full control of the loaded file. Please open an issue on GitHub for any issues related to this experimental feature.
  quant_state = torch.load(io.BytesIO(zlib.decompress(quant_blob_disk)), map_location="cpu")
/workspace/parameter-golf/train_gpt.py:1245: FutureWarning: You are using `torch.load` with `weights_only=False` (the current default value), which uses the default pickle module implicitly. It is possible to construct malicious pickle data which will execute arbitrary code during unpickling (See https://github.com/pytorch/pytorch/blob/main/SECURITY.md#untrusted-models for more details). In a future release, the default value for `weights_only` will be flipped to `True`. This limits the functions that could be executed during unpickling. Arbitrary objects will no longer be allowed to be loaded via this mode unless they are explicitly allowlisted by the user via `torch.serialization.add_safe_globals`. We recommend you start setting `weights_only=True` for any use case where you don't have full control of the loaded file. Please open an issue on GitHub for any issues related to this experimental feature.
  quant_state = torch.load(io.BytesIO(zlib.decompress(quant_blob_disk)), map_location="cpu")
/workspace/parameter-golf/train_gpt.py:1245: FutureWarning: You are using `torch.load` with `weights_only=False` (the current default value), which uses the default pickle module implicitly. It is possible to construct malicious pickle data which will execute arbitrary code during unpickling (See https://github.com/pytorch/pytorch/blob/main/SECURITY.md#untrusted-models for more details). In a future release, the default value for `weights_only` will be flipped to `True`. This limits the functions that could be executed during unpickling. Arbitrary objects will no longer be allowed to be loaded via this mode unless they are explicitly allowlisted by the user via `torch.serialization.add_safe_globals`. We recommend you start setting `weights_only=True` for any use case where you don't have full control of the loaded file. Please open an issue on GitHub for any issues related to this experimental feature.
  quant_state = torch.load(io.BytesIO(zlib.decompress(quant_blob_disk)), map_location="cpu")
/workspace/parameter-golf/train_gpt.py:1245: FutureWarning: You are using `torch.load` with `weights_only=False` (the current default value), which uses the default pickle module implicitly. It is possible to construct malicious pickle data which will execute arbitrary code during unpickling (See https://github.com/pytorch/pytorch/blob/main/SECURITY.md#untrusted-models for more details). In a future release, the default value for `weights_only` will be flipped to `True`. This limits the functions that could be executed during unpickling. Arbitrary objects will no longer be allowed to be loaded via this mode unless they are explicitly allowlisted by the user via `torch.serialization.add_safe_globals`. We recommend you start setting `weights_only=True` for any use case where you don't have full control of the loaded file. Please open an issue on GitHub for any issues related to this experimental feature.
  quant_state = torch.load(io.BytesIO(zlib.decompress(quant_blob_disk)), map_location="cpu")
/workspace/parameter-golf/train_gpt.py:1245: FutureWarning: You are using `torch.load` with `weights_only=False` (the current default value), which uses the default pickle module implicitly. It is possible to construct malicious pickle data which will execute arbitrary code during unpickling (See https://github.com/pytorch/pytorch/blob/main/SECURITY.md#untrusted-models for more details). In a future release, the default value for `weights_only` will be flipped to `True`. This limits the functions that could be executed during unpickling. Arbitrary objects will no longer be allowed to be loaded via this mode unless they are explicitly allowlisted by the user via `torch.serialization.add_safe_globals`. We recommend you start setting `weights_only=True` for any use case where you don't have full control of the loaded file. Please open an issue on GitHub for any issues related to this experimental feature.
  quant_state = torch.load(io.BytesIO(zlib.decompress(quant_blob_disk)), map_location="cpu")
/workspace/parameter-golf/train_gpt.py:1245: FutureWarning: You are using `torch.load` with `weights_only=False` (the current default value), which uses the default pickle module implicitly. It is possible to construct malicious pickle data which will execute arbitrary code during unpickling (See https://github.com/pytorch/pytorch/blob/main/SECURITY.md#untrusted-models for more details). In a future release, the default value for `weights_only` will be flipped to `True`. This limits the functions that could be executed during unpickling. Arbitrary objects will no longer be allowed to be loaded via this mode unless they are explicitly allowlisted by the user via `torch.serialization.add_safe_globals`. We recommend you start setting `weights_only=True` for any use case where you don't have full control of the loaded file. Please open an issue on GitHub for any issues related to this experimental feature.
  quant_state = torch.load(io.BytesIO(zlib.decompress(quant_blob_disk)), map_location="cpu")
/workspace/parameter-golf/train_gpt.py:1245: FutureWarning: You are using `torch.load` with `weights_only=False` (the current default value), which uses the default pickle module implicitly. It is possible to construct malicious pickle data which will execute arbitrary code during unpickling (See https://github.com/pytorch/pytorch/blob/main/SECURITY.md#untrusted-models for more details). In a future release, the default value for `weights_only` will be flipped to `True`. This limits the functions that could be executed during unpickling. Arbitrary objects will no longer be allowed to be loaded via this mode unless they are explicitly allowlisted by the user via `torch.serialization.add_safe_globals`. We recommend you start setting `weights_only=True` for any use case where you don't have full control of the loaded file. Please open an issue on GitHub for any issues related to this experimental feature.
  quant_state = torch.load(io.BytesIO(zlib.decompress(quant_blob_disk)), map_location="cpu")
/workspace/parameter-golf/train_gpt.py:1245: FutureWarning: You are using `torch.load` with `weights_only=False` (the current default value), which uses the default pickle module implicitly. It is possible to construct malicious pickle data which will execute arbitrary code during unpickling (See https://github.com/pytorch/pytorch/blob/main/SECURITY.md#untrusted-models for more details). In a future release, the default value for `weights_only` will be flipped to `True`. This limits the functions that could be executed during unpickling. Arbitrary objects will no longer be allowed to be loaded via this mode unless they are explicitly allowlisted by the user via `torch.serialization.add_safe_globals`. We recommend you start setting `weights_only=True` for any use case where you don't have full control of the loaded file. Please open an issue on GitHub for any issues related to this experimental feature.
  quant_state = torch.load(io.BytesIO(zlib.decompress(quant_blob_disk)), map_location="cpu")
final_int8_zlib_roundtrip val_loss:2.0438 val_bpb:1.2105 eval_time:2233ms
final_int8_zlib_roundtrip_exact val_loss:2.04380953 val_bpb:1.21045912
