W0319 22:04:17.944000 135622054187648 torch/distributed/run.py:779] 
W0319 22:04:17.944000 135622054187648 torch/distributed/run.py:779] *****************************************
W0319 22:04:17.944000 135622054187648 torch/distributed/run.py:779] Setting OMP_NUM_THREADS environment variable for each process to be 1 in default, to avoid your system being overloaded, please further tune the variable for optimal performance in your application as needed. 
W0319 22:04:17.944000 135622054187648 torch/distributed/run.py:779] *****************************************
logs/exp_030.txt
val_bpb:enabled tokenizer_kind=sentencepiece tokenizer_path=./data/tokenizers/fineweb_1024_bpe.model
train_loader:dataset:fineweb10B_sp1024 train_shards:80
val_loader:shards pattern=./data/datasets/fineweb10B_sp1024/fineweb_val_*.bin tokens:62021632
model_params:17059912
world_size:8 grad_accum_steps:1
sdp_backends:cudnn=False flash=True mem_efficient=False math=False
attention_mode:gqa num_heads:8 num_kv_heads:4
tie_embeddings:True embed_lr:0.05 head_lr:0.0 matrix_lr:0.02 scalar_lr:0.04
train_batch_tokens:524288 train_seq_len:4096 iterations:20000 warmup_steps:20 max_wallclock_seconds:600.000
seed:1337
warmup_step:1/20
warmup_step:2/20
warmup_step:3/20
warmup_step:4/20
warmup_step:5/20
warmup_step:6/20
warmup_step:7/20
warmup_step:8/20
warmup_step:9/20
warmup_step:10/20
warmup_step:11/20
warmup_step:12/20
warmup_step:13/20
warmup_step:14/20
warmup_step:15/20
warmup_step:16/20
warmup_step:17/20
warmup_step:18/20
warmup_step:19/20
warmup_step:20/20
step:0/20000 val_loss:6.9344 val_bpb:4.1069 train_time:0ms step_avg:0.01ms
step:1/20000 train_loss:6.9370 train_time:39ms step_avg:39.03ms
step:2/20000 train_loss:16.8386 train_time:104ms step_avg:51.87ms
step:3/20000 train_loss:8.8217 train_time:180ms step_avg:59.91ms
step:4/20000 train_loss:6.6712 train_time:255ms step_avg:63.72ms
step:5/20000 train_loss:6.5915 train_time:337ms step_avg:67.39ms
step:6/20000 train_loss:7.4202 train_time:413ms step_avg:68.86ms
step:7/20000 train_loss:6.3712 train_time:490ms step_avg:69.94ms
step:8/20000 train_loss:6.1875 train_time:566ms step_avg:70.75ms
step:9/20000 train_loss:6.1001 train_time:642ms step_avg:71.31ms
step:10/20000 train_loss:6.0084 train_time:717ms step_avg:71.68ms
step:200/20000 train_loss:2.8788 train_time:16609ms step_avg:83.05ms
step:400/20000 train_loss:2.3088 train_time:33428ms step_avg:83.57ms
step:600/20000 train_loss:2.5205 train_time:50110ms step_avg:83.52ms
step:800/20000 train_loss:2.2492 train_time:66777ms step_avg:83.47ms
step:1000/20000 train_loss:2.3347 train_time:83573ms step_avg:83.57ms
step:1000/20000 val_loss:2.2912 val_bpb:1.3570 train_time:83623ms step_avg:83.62ms
step:1200/20000 train_loss:2.3558 train_time:100442ms step_avg:83.70ms
step:1400/20000 train_loss:2.3637 train_time:117394ms step_avg:83.85ms
step:1600/20000 train_loss:2.0324 train_time:134550ms step_avg:84.09ms
step:1800/20000 train_loss:2.1535 train_time:151543ms step_avg:84.19ms
step:2000/20000 train_loss:2.2039 train_time:168748ms step_avg:84.37ms
step:2000/20000 val_loss:2.1806 val_bpb:1.2915 train_time:168798ms step_avg:84.40ms
step:2200/20000 train_loss:2.0171 train_time:185951ms step_avg:84.52ms
step:2400/20000 train_loss:2.1516 train_time:202732ms step_avg:84.47ms
step:2600/20000 train_loss:2.3688 train_time:219744ms step_avg:84.52ms
step:2800/20000 train_loss:2.1875 train_time:236530ms step_avg:84.48ms
step:3000/20000 train_loss:2.1739 train_time:253767ms step_avg:84.59ms
step:3000/20000 val_loss:2.1368 val_bpb:1.2655 train_time:253818ms step_avg:84.61ms
step:3200/20000 train_loss:2.1367 train_time:270657ms step_avg:84.58ms
step:3400/20000 train_loss:2.1098 train_time:288357ms step_avg:84.81ms
step:3600/20000 train_loss:2.0412 train_time:305460ms step_avg:84.85ms
step:3800/20000 train_loss:2.1572 train_time:322248ms step_avg:84.80ms
step:4000/20000 train_loss:2.1170 train_time:339375ms step_avg:84.84ms
step:4000/20000 val_loss:2.1099 val_bpb:1.2496 train_time:339426ms step_avg:84.86ms
step:4200/20000 train_loss:2.1080 train_time:359412ms step_avg:85.57ms
step:4400/20000 train_loss:2.0348 train_time:376254ms step_avg:85.51ms
step:4600/20000 train_loss:1.9088 train_time:393406ms step_avg:85.52ms
step:4800/20000 train_loss:2.1872 train_time:410437ms step_avg:85.51ms
step:5000/20000 train_loss:1.9393 train_time:427269ms step_avg:85.45ms
step:5000/20000 val_loss:2.0791 val_bpb:1.2314 train_time:427319ms step_avg:85.46ms
step:5200/20000 train_loss:2.0947 train_time:444674ms step_avg:85.51ms
step:5400/20000 train_loss:2.1142 train_time:461894ms step_avg:85.54ms
step:5600/20000 train_loss:2.0999 train_time:478923ms step_avg:85.52ms
step:5800/20000 train_loss:2.0450 train_time:500145ms step_avg:86.23ms
step:6000/20000 train_loss:2.1252 train_time:516883ms step_avg:86.15ms
step:6000/20000 val_loss:2.0519 val_bpb:1.2152 train_time:516943ms step_avg:86.16ms
step:6200/20000 train_loss:1.9990 train_time:533916ms step_avg:86.12ms
step:6400/20000 train_loss:2.0738 train_time:551101ms step_avg:86.11ms
step:6600/20000 train_loss:2.0296 train_time:568222ms step_avg:86.09ms
step:6800/20000 train_loss:2.0873 train_time:585469ms step_avg:86.10ms
step:6961/20000 val_loss:2.0323 val_bpb:1.2036 train_time:600036ms step_avg:86.20ms
stopping_early: wallclock_cap train_time:600036ms step:6961/20000
peak memory allocated: 13068 MiB reserved: 13180 MiB
Serialized model: 67224578 bytes
Code size: 55583 bytes
Total submission size: 67280161 bytes
Serialized model int8+zlib: 15796981 bytes (payload:17178912 raw_torch:17223564 payload_ratio:3.91x)
Total submission size int8+zlib: 15852564 bytes
/workspace/parameter-golf/train_gpt.py:1245: FutureWarning: You are using `torch.load` with `weights_only=False` (the current default value), which uses the default pickle module implicitly. It is possible to construct malicious pickle data which will execute arbitrary code during unpickling (See https://github.com/pytorch/pytorch/blob/main/SECURITY.md#untrusted-models for more details). In a future release, the default value for `weights_only` will be flipped to `True`. This limits the functions that could be executed during unpickling. Arbitrary objects will no longer be allowed to be loaded via this mode unless they are explicitly allowlisted by the user via `torch.serialization.add_safe_globals`. We recommend you start setting `weights_only=True` for any use case where you don't have full control of the loaded file. Please open an issue on GitHub for any issues related to this experimental feature.
  quant_state = torch.load(io.BytesIO(zlib.decompress(quant_blob_disk)), map_location="cpu")
/workspace/parameter-golf/train_gpt.py:1245: FutureWarning: You are using `torch.load` with `weights_only=False` (the current default value), which uses the default pickle module implicitly. It is possible to construct malicious pickle data which will execute arbitrary code during unpickling (See https://github.com/pytorch/pytorch/blob/main/SECURITY.md#untrusted-models for more details). In a future release, the default value for `weights_only` will be flipped to `True`. This limits the functions that could be executed during unpickling. Arbitrary objects will no longer be allowed to be loaded via this mode unless they are explicitly allowlisted by the user via `torch.serialization.add_safe_globals`. We recommend you start setting `weights_only=True` for any use case where you don't have full control of the loaded file. Please open an issue on GitHub for any issues related to this experimental feature.
  quant_state = torch.load(io.BytesIO(zlib.decompress(quant_blob_disk)), map_location="cpu")
/workspace/parameter-golf/train_gpt.py:1245: FutureWarning: You are using `torch.load` with `weights_only=False` (the current default value), which uses the default pickle module implicitly. It is possible to construct malicious pickle data which will execute arbitrary code during unpickling (See https://github.com/pytorch/pytorch/blob/main/SECURITY.md#untrusted-models for more details). In a future release, the default value for `weights_only` will be flipped to `True`. This limits the functions that could be executed during unpickling. Arbitrary objects will no longer be allowed to be loaded via this mode unless they are explicitly allowlisted by the user via `torch.serialization.add_safe_globals`. We recommend you start setting `weights_only=True` for any use case where you don't have full control of the loaded file. Please open an issue on GitHub for any issues related to this experimental feature.
  quant_state = torch.load(io.BytesIO(zlib.decompress(quant_blob_disk)), map_location="cpu")
/workspace/parameter-golf/train_gpt.py:1245: FutureWarning: You are using `torch.load` with `weights_only=False` (the current default value), which uses the default pickle module implicitly. It is possible to construct malicious pickle data which will execute arbitrary code during unpickling (See https://github.com/pytorch/pytorch/blob/main/SECURITY.md#untrusted-models for more details). In a future release, the default value for `weights_only` will be flipped to `True`. This limits the functions that could be executed during unpickling. Arbitrary objects will no longer be allowed to be loaded via this mode unless they are explicitly allowlisted by the user via `torch.serialization.add_safe_globals`. We recommend you start setting `weights_only=True` for any use case where you don't have full control of the loaded file. Please open an issue on GitHub for any issues related to this experimental feature.
  quant_state = torch.load(io.BytesIO(zlib.decompress(quant_blob_disk)), map_location="cpu")
/workspace/parameter-golf/train_gpt.py:1245: FutureWarning: You are using `torch.load` with `weights_only=False` (the current default value), which uses the default pickle module implicitly. It is possible to construct malicious pickle data which will execute arbitrary code during unpickling (See https://github.com/pytorch/pytorch/blob/main/SECURITY.md#untrusted-models for more details). In a future release, the default value for `weights_only` will be flipped to `True`. This limits the functions that could be executed during unpickling. Arbitrary objects will no longer be allowed to be loaded via this mode unless they are explicitly allowlisted by the user via `torch.serialization.add_safe_globals`. We recommend you start setting `weights_only=True` for any use case where you don't have full control of the loaded file. Please open an issue on GitHub for any issues related to this experimental feature.
  quant_state = torch.load(io.BytesIO(zlib.decompress(quant_blob_disk)), map_location="cpu")
/workspace/parameter-golf/train_gpt.py:1245: FutureWarning: You are using `torch.load` with `weights_only=False` (the current default value), which uses the default pickle module implicitly. It is possible to construct malicious pickle data which will execute arbitrary code during unpickling (See https://github.com/pytorch/pytorch/blob/main/SECURITY.md#untrusted-models for more details). In a future release, the default value for `weights_only` will be flipped to `True`. This limits the functions that could be executed during unpickling. Arbitrary objects will no longer be allowed to be loaded via this mode unless they are explicitly allowlisted by the user via `torch.serialization.add_safe_globals`. We recommend you start setting `weights_only=True` for any use case where you don't have full control of the loaded file. Please open an issue on GitHub for any issues related to this experimental feature.
  quant_state = torch.load(io.BytesIO(zlib.decompress(quant_blob_disk)), map_location="cpu")
/workspace/parameter-golf/train_gpt.py:1245: FutureWarning: You are using `torch.load` with `weights_only=False` (the current default value), which uses the default pickle module implicitly. It is possible to construct malicious pickle data which will execute arbitrary code during unpickling (See https://github.com/pytorch/pytorch/blob/main/SECURITY.md#untrusted-models for more details). In a future release, the default value for `weights_only` will be flipped to `True`. This limits the functions that could be executed during unpickling. Arbitrary objects will no longer be allowed to be loaded via this mode unless they are explicitly allowlisted by the user via `torch.serialization.add_safe_globals`. We recommend you start setting `weights_only=True` for any use case where you don't have full control of the loaded file. Please open an issue on GitHub for any issues related to this experimental feature.
  quant_state = torch.load(io.BytesIO(zlib.decompress(quant_blob_disk)), map_location="cpu")
/workspace/parameter-golf/train_gpt.py:1245: FutureWarning: You are using `torch.load` with `weights_only=False` (the current default value), which uses the default pickle module implicitly. It is possible to construct malicious pickle data which will execute arbitrary code during unpickling (See https://github.com/pytorch/pytorch/blob/main/SECURITY.md#untrusted-models for more details). In a future release, the default value for `weights_only` will be flipped to `True`. This limits the functions that could be executed during unpickling. Arbitrary objects will no longer be allowed to be loaded via this mode unless they are explicitly allowlisted by the user via `torch.serialization.add_safe_globals`. We recommend you start setting `weights_only=True` for any use case where you don't have full control of the loaded file. Please open an issue on GitHub for any issues related to this experimental feature.
  quant_state = torch.load(io.BytesIO(zlib.decompress(quant_blob_disk)), map_location="cpu")
final_int8_zlib_roundtrip val_loss:2.0436 val_bpb:1.2103 eval_time:2236ms
final_int8_zlib_roundtrip_exact val_loss:2.04356299 val_bpb:1.21031311
