logs/exp_007.txt
val_bpb:enabled tokenizer_kind=sentencepiece tokenizer_path=./data/tokenizers/fineweb_1024_bpe.model
train_loader:dataset:fineweb10B_sp1024 train_shards:80
val_loader:shards pattern=./data/datasets/fineweb10B_sp1024/fineweb_val_*.bin tokens:62021632
model_params:4198928
world_size:1 grad_accum_steps:8
sdp_backends:cudnn=False flash=True mem_efficient=False math=False
attention_mode:gqa num_heads:8 num_kv_heads:4
tie_embeddings:True embed_lr:0.05 head_lr:0.0 matrix_lr:0.04 scalar_lr:0.04
train_batch_tokens:524288 train_seq_len:1024 iterations:20000 warmup_steps:20 max_wallclock_seconds:120.000
seed:1337
warmup_step:1/20
warmup_step:2/20
warmup_step:3/20
warmup_step:4/20
warmup_step:5/20
warmup_step:6/20
warmup_step:7/20
warmup_step:8/20
warmup_step:9/20
warmup_step:10/20
warmup_step:11/20
warmup_step:12/20
warmup_step:13/20
warmup_step:14/20
warmup_step:15/20
warmup_step:16/20
warmup_step:17/20
warmup_step:18/20
warmup_step:19/20
warmup_step:20/20
step:0/20000 val_loss:6.9339 val_bpb:4.1066 train_time:0ms step_avg:0.02ms
step:1/20000 train_loss:6.9393 train_time:175ms step_avg:175.48ms
step:2/20000 train_loss:17.8751 train_time:475ms step_avg:237.67ms
step:3/20000 train_loss:13.7230 train_time:766ms step_avg:255.50ms
step:4/20000 train_loss:9.5197 train_time:1072ms step_avg:268.11ms
step:5/20000 train_loss:7.2436 train_time:1282ms step_avg:256.40ms
step:6/20000 train_loss:6.3166 train_time:1572ms step_avg:262.06ms
step:7/20000 train_loss:5.8931 train_time:1784ms step_avg:254.84ms
step:8/20000 train_loss:5.8771 train_time:2072ms step_avg:259.03ms
step:9/20000 train_loss:5.8833 train_time:2373ms step_avg:263.62ms
step:10/20000 train_loss:5.8796 train_time:2598ms step_avg:259.84ms
step:200/20000 train_loss:2.9332 train_time:48574ms step_avg:242.87ms
step:400/20000 train_loss:2.6082 train_time:97867ms step_avg:244.67ms
step:492/20000 val_loss:2.7268 val_bpb:1.6149 train_time:120207ms step_avg:244.32ms
stopping_early: wallclock_cap train_time:120207ms step:492/20000
peak memory allocated: 3718 MiB reserved: 3794 MiB
Serialized model: 15755260 bytes
Code size: 47781 bytes
Total submission size: 15803041 bytes
Serialized model int8+zlib: 2560551 bytes (payload:4227136 raw_torch:4237613 payload_ratio:3.73x)
Total submission size int8+zlib: 2608332 bytes
/workspace/parameter-golf/train_gpt.py:1101: FutureWarning: You are using `torch.load` with `weights_only=False` (the current default value), which uses the default pickle module implicitly. It is possible to construct malicious pickle data which will execute arbitrary code during unpickling (See https://github.com/pytorch/pytorch/blob/main/SECURITY.md#untrusted-models for more details). In a future release, the default value for `weights_only` will be flipped to `True`. This limits the functions that could be executed during unpickling. Arbitrary objects will no longer be allowed to be loaded via this mode unless they are explicitly allowlisted by the user via `torch.serialization.add_safe_globals`. We recommend you start setting `weights_only=True` for any use case where you don't have full control of the loaded file. Please open an issue on GitHub for any issues related to this experimental feature.
  quant_state = torch.load(io.BytesIO(zlib.decompress(quant_blob_disk)), map_location="cpu")
final_int8_zlib_roundtrip val_loss:2.7584 val_bpb:1.6337 eval_time:4443ms
final_int8_zlib_roundtrip_exact val_loss:2.75835704 val_bpb:1.63365441
