W0319 22:30:19.959000 132139598578304 torch/distributed/run.py:779] 
W0319 22:30:19.959000 132139598578304 torch/distributed/run.py:779] *****************************************
W0319 22:30:19.959000 132139598578304 torch/distributed/run.py:779] Setting OMP_NUM_THREADS environment variable for each process to be 1 in default, to avoid your system being overloaded, please further tune the variable for optimal performance in your application as needed. 
W0319 22:30:19.959000 132139598578304 torch/distributed/run.py:779] *****************************************
logs/exp_032.txt
val_bpb:enabled tokenizer_kind=sentencepiece tokenizer_path=./data/tokenizers/fineweb_1024_bpe.model
train_loader:dataset:fineweb10B_sp1024 train_shards:80
val_loader:shards pattern=./data/datasets/fineweb10B_sp1024/fineweb_val_*.bin tokens:62021632
model_params:17059912
world_size:8 grad_accum_steps:1
sdp_backends:cudnn=False flash=True mem_efficient=False math=False
attention_mode:gqa num_heads:8 num_kv_heads:4
tie_embeddings:True embed_lr:0.05 head_lr:0.0 matrix_lr:0.02 scalar_lr:0.04
train_batch_tokens:524288 train_seq_len:4096 iterations:20000 warmup_steps:20 max_wallclock_seconds:600.000
seed:1337
warmup_step:1/20
warmup_step:2/20
warmup_step:3/20
warmup_step:4/20
warmup_step:5/20
warmup_step:6/20
warmup_step:7/20
warmup_step:8/20
warmup_step:9/20
warmup_step:10/20
warmup_step:11/20
warmup_step:12/20
warmup_step:13/20
warmup_step:14/20
warmup_step:15/20
warmup_step:16/20
warmup_step:17/20
warmup_step:18/20
warmup_step:19/20
warmup_step:20/20
step:0/20000 val_loss:6.9344 val_bpb:4.1069 train_time:0ms step_avg:0.01ms
step:1/20000 train_loss:6.9370 train_time:38ms step_avg:38.47ms
step:2/20000 train_loss:16.8389 train_time:103ms step_avg:51.37ms
step:3/20000 train_loss:8.8216 train_time:177ms step_avg:59.12ms
step:4/20000 train_loss:6.6710 train_time:253ms step_avg:63.16ms
step:5/20000 train_loss:6.5915 train_time:328ms step_avg:65.57ms
step:6/20000 train_loss:7.4198 train_time:403ms step_avg:67.14ms
step:7/20000 train_loss:6.3711 train_time:478ms step_avg:68.22ms
step:8/20000 train_loss:6.1877 train_time:552ms step_avg:69.01ms
step:9/20000 train_loss:6.1007 train_time:627ms step_avg:69.63ms
step:10/20000 train_loss:6.0086 train_time:702ms step_avg:70.24ms
step:200/20000 train_loss:2.8853 train_time:16651ms step_avg:83.25ms
step:400/20000 train_loss:2.3136 train_time:33445ms step_avg:83.61ms
step:600/20000 train_loss:2.5249 train_time:49985ms step_avg:83.31ms
step:800/20000 train_loss:2.2567 train_time:67055ms step_avg:83.82ms
step:1000/20000 train_loss:2.3370 train_time:84221ms step_avg:84.22ms
step:1000/20000 val_loss:2.2966 val_bpb:1.3602 train_time:84271ms step_avg:84.27ms
step:1200/20000 train_loss:2.3621 train_time:101224ms step_avg:84.35ms
step:1400/20000 train_loss:2.3694 train_time:118191ms step_avg:84.42ms
step:1600/20000 train_loss:2.0395 train_time:135119ms step_avg:84.45ms
step:1800/20000 train_loss:2.1629 train_time:152271ms step_avg:84.59ms
step:2000/20000 train_loss:2.2096 train_time:169258ms step_avg:84.63ms
step:2000/20000 val_loss:2.1876 val_bpb:1.2956 train_time:169310ms step_avg:84.65ms
step:2200/20000 train_loss:2.0248 train_time:186218ms step_avg:84.64ms
step:2400/20000 train_loss:2.1585 train_time:203101ms step_avg:84.63ms
step:2600/20000 train_loss:2.3826 train_time:220143ms step_avg:84.67ms
step:2800/20000 train_loss:2.1967 train_time:236887ms step_avg:84.60ms
step:3000/20000 train_loss:2.1834 train_time:253786ms step_avg:84.60ms
step:3000/20000 val_loss:2.1452 val_bpb:1.2705 train_time:253835ms step_avg:84.61ms
step:3200/20000 train_loss:2.1446 train_time:270863ms step_avg:84.64ms
step:3400/20000 train_loss:2.1170 train_time:288210ms step_avg:84.77ms
step:3600/20000 train_loss:2.0558 train_time:305122ms step_avg:84.76ms
step:3800/20000 train_loss:2.1672 train_time:321987ms step_avg:84.73ms
step:4000/20000 train_loss:2.1302 train_time:338913ms step_avg:84.73ms
step:4000/20000 val_loss:2.1207 val_bpb:1.2560 train_time:338963ms step_avg:84.74ms
step:4200/20000 train_loss:2.1128 train_time:358599ms step_avg:85.38ms
step:4400/20000 train_loss:2.0473 train_time:375312ms step_avg:85.30ms
step:4600/20000 train_loss:1.9210 train_time:394143ms step_avg:85.68ms
step:4800/20000 train_loss:2.1949 train_time:412690ms step_avg:85.98ms
step:5000/20000 train_loss:1.9466 train_time:429728ms step_avg:85.95ms
step:5000/20000 val_loss:2.0898 val_bpb:1.2377 train_time:429779ms step_avg:85.96ms
step:5200/20000 train_loss:2.1063 train_time:446605ms step_avg:85.89ms
step:5400/20000 train_loss:2.1259 train_time:463618ms step_avg:85.86ms
step:5600/20000 train_loss:2.1112 train_time:480932ms step_avg:85.88ms
step:5800/20000 train_loss:2.0577 train_time:497889ms step_avg:85.84ms
step:6000/20000 train_loss:2.1322 train_time:515073ms step_avg:85.85ms
step:6000/20000 val_loss:2.0642 val_bpb:1.2226 train_time:515124ms step_avg:85.85ms
step:6200/20000 train_loss:2.0103 train_time:531931ms step_avg:85.80ms
step:6400/20000 train_loss:2.0841 train_time:549146ms step_avg:85.80ms
step:6600/20000 train_loss:2.0397 train_time:566073ms step_avg:85.77ms
step:6800/20000 train_loss:2.0946 train_time:583051ms step_avg:85.74ms
step:6998/20000 val_loss:2.0449 val_bpb:1.2111 train_time:600039ms step_avg:85.74ms
stopping_early: wallclock_cap train_time:600039ms step:6998/20000
peak memory allocated: 13068 MiB reserved: 13530 MiB
Serialized model: 67224578 bytes
Code size: 56235 bytes
Total submission size: 67280813 bytes
Serialized model int8+zlib: 15777789 bytes (payload:17178912 raw_torch:17223564 payload_ratio:3.91x)
Total submission size int8+zlib: 15834024 bytes
/workspace/parameter-golf/train_gpt.py:1259: FutureWarning: You are using `torch.load` with `weights_only=False` (the current default value), which uses the default pickle module implicitly. It is possible to construct malicious pickle data which will execute arbitrary code during unpickling (See https://github.com/pytorch/pytorch/blob/main/SECURITY.md#untrusted-models for more details). In a future release, the default value for `weights_only` will be flipped to `True`. This limits the functions that could be executed during unpickling. Arbitrary objects will no longer be allowed to be loaded via this mode unless they are explicitly allowlisted by the user via `torch.serialization.add_safe_globals`. We recommend you start setting `weights_only=True` for any use case where you don't have full control of the loaded file. Please open an issue on GitHub for any issues related to this experimental feature.
  quant_state = torch.load(io.BytesIO(zlib.decompress(quant_blob_disk)), map_location="cpu")
/workspace/parameter-golf/train_gpt.py:1259: FutureWarning: You are using `torch.load` with `weights_only=False` (the current default value), which uses the default pickle module implicitly. It is possible to construct malicious pickle data which will execute arbitrary code during unpickling (See https://github.com/pytorch/pytorch/blob/main/SECURITY.md#untrusted-models for more details). In a future release, the default value for `weights_only` will be flipped to `True`. This limits the functions that could be executed during unpickling. Arbitrary objects will no longer be allowed to be loaded via this mode unless they are explicitly allowlisted by the user via `torch.serialization.add_safe_globals`. We recommend you start setting `weights_only=True` for any use case where you don't have full control of the loaded file. Please open an issue on GitHub for any issues related to this experimental feature.
  quant_state = torch.load(io.BytesIO(zlib.decompress(quant_blob_disk)), map_location="cpu")
/workspace/parameter-golf/train_gpt.py:1259: FutureWarning: You are using `torch.load` with `weights_only=False` (the current default value), which uses the default pickle module implicitly. It is possible to construct malicious pickle data which will execute arbitrary code during unpickling (See https://github.com/pytorch/pytorch/blob/main/SECURITY.md#untrusted-models for more details). In a future release, the default value for `weights_only` will be flipped to `True`. This limits the functions that could be executed during unpickling. Arbitrary objects will no longer be allowed to be loaded via this mode unless they are explicitly allowlisted by the user via `torch.serialization.add_safe_globals`. We recommend you start setting `weights_only=True` for any use case where you don't have full control of the loaded file. Please open an issue on GitHub for any issues related to this experimental feature.
  quant_state = torch.load(io.BytesIO(zlib.decompress(quant_blob_disk)), map_location="cpu")
/workspace/parameter-golf/train_gpt.py:1259: FutureWarning: You are using `torch.load` with `weights_only=False` (the current default value), which uses the default pickle module implicitly. It is possible to construct malicious pickle data which will execute arbitrary code during unpickling (See https://github.com/pytorch/pytorch/blob/main/SECURITY.md#untrusted-models for more details). In a future release, the default value for `weights_only` will be flipped to `True`. This limits the functions that could be executed during unpickling. Arbitrary objects will no longer be allowed to be loaded via this mode unless they are explicitly allowlisted by the user via `torch.serialization.add_safe_globals`. We recommend you start setting `weights_only=True` for any use case where you don't have full control of the loaded file. Please open an issue on GitHub for any issues related to this experimental feature.
  quant_state = torch.load(io.BytesIO(zlib.decompress(quant_blob_disk)), map_location="cpu")
/workspace/parameter-golf/train_gpt.py:1259: FutureWarning: You are using `torch.load` with `weights_only=False` (the current default value), which uses the default pickle module implicitly. It is possible to construct malicious pickle data which will execute arbitrary code during unpickling (See https://github.com/pytorch/pytorch/blob/main/SECURITY.md#untrusted-models for more details). In a future release, the default value for `weights_only` will be flipped to `True`. This limits the functions that could be executed during unpickling. Arbitrary objects will no longer be allowed to be loaded via this mode unless they are explicitly allowlisted by the user via `torch.serialization.add_safe_globals`. We recommend you start setting `weights_only=True` for any use case where you don't have full control of the loaded file. Please open an issue on GitHub for any issues related to this experimental feature.
  quant_state = torch.load(io.BytesIO(zlib.decompress(quant_blob_disk)), map_location="cpu")
/workspace/parameter-golf/train_gpt.py:1259: FutureWarning: You are using `torch.load` with `weights_only=False` (the current default value), which uses the default pickle module implicitly. It is possible to construct malicious pickle data which will execute arbitrary code during unpickling (See https://github.com/pytorch/pytorch/blob/main/SECURITY.md#untrusted-models for more details). In a future release, the default value for `weights_only` will be flipped to `True`. This limits the functions that could be executed during unpickling. Arbitrary objects will no longer be allowed to be loaded via this mode unless they are explicitly allowlisted by the user via `torch.serialization.add_safe_globals`. We recommend you start setting `weights_only=True` for any use case where you don't have full control of the loaded file. Please open an issue on GitHub for any issues related to this experimental feature.
  quant_state = torch.load(io.BytesIO(zlib.decompress(quant_blob_disk)), map_location="cpu")
/workspace/parameter-golf/train_gpt.py:1259: FutureWarning: You are using `torch.load` with `weights_only=False` (the current default value), which uses the default pickle module implicitly. It is possible to construct malicious pickle data which will execute arbitrary code during unpickling (See https://github.com/pytorch/pytorch/blob/main/SECURITY.md#untrusted-models for more details). In a future release, the default value for `weights_only` will be flipped to `True`. This limits the functions that could be executed during unpickling. Arbitrary objects will no longer be allowed to be loaded via this mode unless they are explicitly allowlisted by the user via `torch.serialization.add_safe_globals`. We recommend you start setting `weights_only=True` for any use case where you don't have full control of the loaded file. Please open an issue on GitHub for any issues related to this experimental feature.
  quant_state = torch.load(io.BytesIO(zlib.decompress(quant_blob_disk)), map_location="cpu")
/workspace/parameter-golf/train_gpt.py:1259: FutureWarning: You are using `torch.load` with `weights_only=False` (the current default value), which uses the default pickle module implicitly. It is possible to construct malicious pickle data which will execute arbitrary code during unpickling (See https://github.com/pytorch/pytorch/blob/main/SECURITY.md#untrusted-models for more details). In a future release, the default value for `weights_only` will be flipped to `True`. This limits the functions that could be executed during unpickling. Arbitrary objects will no longer be allowed to be loaded via this mode unless they are explicitly allowlisted by the user via `torch.serialization.add_safe_globals`. We recommend you start setting `weights_only=True` for any use case where you don't have full control of the loaded file. Please open an issue on GitHub for any issues related to this experimental feature.
  quant_state = torch.load(io.BytesIO(zlib.decompress(quant_blob_disk)), map_location="cpu")
final_int8_zlib_roundtrip val_loss:2.0551 val_bpb:1.2171 eval_time:2241ms
final_int8_zlib_roundtrip_exact val_loss:2.05505737 val_bpb:1.21712073
