logs/exp_006.txt
val_bpb:enabled tokenizer_kind=sentencepiece tokenizer_path=./data/tokenizers/fineweb_1024_bpe.model
train_loader:dataset:fineweb10B_sp1024 train_shards:80
val_loader:shards pattern=./data/datasets/fineweb10B_sp1024/fineweb_val_*.bin tokens:62021632
model_params:6035992
world_size:1 grad_accum_steps:8
sdp_backends:cudnn=False flash=True mem_efficient=False math=False
attention_mode:gqa num_heads:8 num_kv_heads:4
tie_embeddings:True embed_lr:0.05 head_lr:0.0 matrix_lr:0.04 scalar_lr:0.04
train_batch_tokens:524288 train_seq_len:1024 iterations:20000 warmup_steps:20 max_wallclock_seconds:120.000
seed:1337
warmup_step:1/20
warmup_step:2/20
warmup_step:3/20
warmup_step:4/20
warmup_step:5/20
warmup_step:6/20
warmup_step:7/20
warmup_step:8/20
warmup_step:9/20
warmup_step:10/20
warmup_step:11/20
warmup_step:12/20
warmup_step:13/20
warmup_step:14/20
warmup_step:15/20
warmup_step:16/20
warmup_step:17/20
warmup_step:18/20
warmup_step:19/20
warmup_step:20/20
step:0/20000 val_loss:6.9324 val_bpb:4.1058 train_time:0ms step_avg:0.02ms
step:1/20000 train_loss:6.9373 train_time:280ms step_avg:280.34ms
step:2/20000 train_loss:17.7060 train_time:514ms step_avg:256.79ms
step:3/20000 train_loss:13.8675 train_time:813ms step_avg:271.16ms
step:4/20000 train_loss:10.0364 train_time:1184ms step_avg:295.91ms
step:5/20000 train_loss:7.4254 train_time:1414ms step_avg:282.84ms
step:6/20000 train_loss:6.3847 train_time:1714ms step_avg:285.60ms
step:7/20000 train_loss:5.9340 train_time:2013ms step_avg:287.60ms
step:8/20000 train_loss:5.8853 train_time:2377ms step_avg:297.15ms
step:9/20000 train_loss:5.8634 train_time:2614ms step_avg:290.44ms
step:10/20000 train_loss:5.8606 train_time:2914ms step_avg:291.39ms
step:200/20000 train_loss:2.8617 train_time:54290ms step_avg:271.45ms
step:400/20000 train_loss:2.5312 train_time:108090ms step_avg:270.23ms
step:444/20000 val_loss:2.6669 val_bpb:1.5795 train_time:120129ms step_avg:270.56ms
stopping_early: wallclock_cap train_time:120129ms step:444/20000
peak memory allocated: 5182 MiB reserved: 5254 MiB
Serialized model: 23107206 bytes
Code size: 47781 bytes
Total submission size: 23154987 bytes
Serialized model int8+zlib: 3493191 bytes (payload:6076512 raw_torch:6091837 payload_ratio:3.80x)
Total submission size int8+zlib: 3540972 bytes
/workspace/parameter-golf/train_gpt.py:1101: FutureWarning: You are using `torch.load` with `weights_only=False` (the current default value), which uses the default pickle module implicitly. It is possible to construct malicious pickle data which will execute arbitrary code during unpickling (See https://github.com/pytorch/pytorch/blob/main/SECURITY.md#untrusted-models for more details). In a future release, the default value for `weights_only` will be flipped to `True`. This limits the functions that could be executed during unpickling. Arbitrary objects will no longer be allowed to be loaded via this mode unless they are explicitly allowlisted by the user via `torch.serialization.add_safe_globals`. We recommend you start setting `weights_only=True` for any use case where you don't have full control of the loaded file. Please open an issue on GitHub for any issues related to this experimental feature.
  quant_state = torch.load(io.BytesIO(zlib.decompress(quant_blob_disk)), map_location="cpu")
final_int8_zlib_roundtrip val_loss:2.7063 val_bpb:1.6028 eval_time:6397ms
final_int8_zlib_roundtrip_exact val_loss:2.70627206 val_bpb:1.60280675
