logs/exp_027.txt
val_bpb:enabled tokenizer_kind=sentencepiece tokenizer_path=./data/tokenizers/fineweb_1024_bpe.model
train_loader:dataset:fineweb10B_sp1024 train_shards:80
val_loader:shards pattern=./data/datasets/fineweb10B_sp1024/fineweb_val_*.bin tokens:62021632
model_params:17059912
world_size:1 grad_accum_steps:8
sdp_backends:cudnn=False flash=True mem_efficient=False math=False
attention_mode:gqa num_heads:8 num_kv_heads:4
tie_embeddings:True embed_lr:0.05 head_lr:0.0 matrix_lr:0.04 scalar_lr:0.04
train_batch_tokens:393216 train_seq_len:4096 iterations:20000 warmup_steps:20 max_wallclock_seconds:600.000
seed:1337
warmup_step:1/20
warmup_step:2/20
warmup_step:3/20
warmup_step:4/20
warmup_step:5/20
warmup_step:6/20
warmup_step:7/20
warmup_step:8/20
warmup_step:9/20
warmup_step:10/20
warmup_step:11/20
warmup_step:12/20
warmup_step:13/20
warmup_step:14/20
warmup_step:15/20
warmup_step:16/20
warmup_step:17/20
warmup_step:18/20
warmup_step:19/20
warmup_step:20/20
step:0/20000 val_loss:6.9344 val_bpb:4.1069 train_time:0ms step_avg:0.02ms
step:1/20000 train_loss:6.9366 train_time:639ms step_avg:639.35ms
step:2/20000 train_loss:16.4707 train_time:1440ms step_avg:719.78ms
step:3/20000 train_loss:8.1571 train_time:2187ms step_avg:728.85ms
step:4/20000 train_loss:6.7601 train_time:2881ms step_avg:720.33ms
step:5/20000 train_loss:6.9477 train_time:3581ms step_avg:716.17ms
step:6/20000 train_loss:6.7164 train_time:4282ms step_avg:713.62ms
step:7/20000 train_loss:6.5930 train_time:4983ms step_avg:711.91ms
step:8/20000 train_loss:6.2114 train_time:5682ms step_avg:710.20ms
step:9/20000 train_loss:6.0990 train_time:6430ms step_avg:714.40ms
step:10/20000 train_loss:6.0113 train_time:7194ms step_avg:719.39ms
step:200/20000 train_loss:2.8788 train_time:135878ms step_avg:679.39ms
step:400/20000 train_loss:2.5256 train_time:272008ms step_avg:680.02ms
step:600/20000 train_loss:2.3798 train_time:407532ms step_avg:679.22ms
step:800/20000 train_loss:2.3483 train_time:543187ms step_avg:678.98ms
step:884/20000 val_loss:2.2769 val_bpb:1.3485 train_time:600447ms step_avg:679.24ms
stopping_early: wallclock_cap train_time:600447ms step:884/20000
peak memory allocated: 9912 MiB reserved: 10054 MiB
Serialized model: 67224578 bytes
Code size: 55583 bytes
Total submission size: 67280161 bytes
Serialized model int8+zlib: 13621902 bytes (payload:17178912 raw_torch:17223564 payload_ratio:3.91x)
Total submission size int8+zlib: 13677485 bytes
/workspace/parameter-golf/train_gpt.py:1245: FutureWarning: You are using `torch.load` with `weights_only=False` (the current default value), which uses the default pickle module implicitly. It is possible to construct malicious pickle data which will execute arbitrary code during unpickling (See https://github.com/pytorch/pytorch/blob/main/SECURITY.md#untrusted-models for more details). In a future release, the default value for `weights_only` will be flipped to `True`. This limits the functions that could be executed during unpickling. Arbitrary objects will no longer be allowed to be loaded via this mode unless they are explicitly allowlisted by the user via `torch.serialization.add_safe_globals`. We recommend you start setting `weights_only=True` for any use case where you don't have full control of the loaded file. Please open an issue on GitHub for any issues related to this experimental feature.
  quant_state = torch.load(io.BytesIO(zlib.decompress(quant_blob_disk)), map_location="cpu")
final_int8_zlib_roundtrip val_loss:2.2784 val_bpb:1.3494 eval_time:28202ms
final_int8_zlib_roundtrip_exact val_loss:2.27838238 val_bpb:1.34938638
