logs/exp_015.txt
val_bpb:enabled tokenizer_kind=sentencepiece tokenizer_path=./data/tokenizers/fineweb_1024_bpe.model
train_loader:dataset:fineweb10B_sp1024 train_shards:80
val_loader:shards pattern=./data/datasets/fineweb10B_sp1024/fineweb_val_*.bin tokens:62021632
model_params:17059912
world_size:1 grad_accum_steps:8
sdp_backends:cudnn=False flash=True mem_efficient=False math=False
attention_mode:gqa num_heads:8 num_kv_heads:4
tie_embeddings:True embed_lr:0.05 head_lr:0.0 matrix_lr:0.1 scalar_lr:0.04
train_batch_tokens:524288 train_seq_len:1024 iterations:20000 warmup_steps:20 max_wallclock_seconds:600.000
seed:1337
warmup_step:1/20
warmup_step:2/20
warmup_step:3/20
warmup_step:4/20
warmup_step:5/20
warmup_step:6/20
warmup_step:7/20
warmup_step:8/20
warmup_step:9/20
warmup_step:10/20
warmup_step:11/20
warmup_step:12/20
warmup_step:13/20
warmup_step:14/20
warmup_step:15/20
warmup_step:16/20
warmup_step:17/20
warmup_step:18/20
warmup_step:19/20
warmup_step:20/20
step:0/20000 val_loss:6.9344 val_bpb:4.1069 train_time:0ms step_avg:0.02ms
step:1/20000 train_loss:6.9357 train_time:572ms step_avg:572.40ms
step:2/20000 train_loss:15.1670 train_time:1186ms step_avg:593.03ms
step:3/20000 train_loss:7.1114 train_time:1836ms step_avg:612.09ms
step:4/20000 train_loss:7.6362 train_time:2476ms step_avg:619.04ms
step:5/20000 train_loss:8.1088 train_time:3172ms step_avg:634.44ms
step:6/20000 train_loss:8.1283 train_time:3792ms step_avg:632.05ms
step:7/20000 train_loss:7.5923 train_time:4470ms step_avg:638.63ms
step:8/20000 train_loss:6.9291 train_time:5093ms step_avg:636.65ms
step:9/20000 train_loss:6.5051 train_time:5795ms step_avg:643.89ms
step:10/20000 train_loss:6.1003 train_time:6492ms step_avg:649.21ms
step:200/20000 train_loss:2.7614 train_time:120940ms step_avg:604.70ms
step:400/20000 train_loss:2.3723 train_time:241934ms step_avg:604.83ms
step:600/20000 train_loss:2.4671 train_time:362644ms step_avg:604.41ms
step:800/20000 train_loss:2.3079 train_time:483352ms step_avg:604.19ms
step:994/20000 val_loss:2.2964 val_bpb:1.3600 train_time:600491ms step_avg:604.12ms
stopping_early: wallclock_cap train_time:600491ms step:994/20000
peak memory allocated: 13065 MiB reserved: 13228 MiB
Serialized model: 67224578 bytes
Code size: 48302 bytes
Total submission size: 67272880 bytes
Serialized model int8+zlib: 14596002 bytes (payload:17178912 raw_torch:17223564 payload_ratio:3.91x)
Total submission size int8+zlib: 14644304 bytes
/workspace/parameter-golf/train_gpt.py:1113: FutureWarning: You are using `torch.load` with `weights_only=False` (the current default value), which uses the default pickle module implicitly. It is possible to construct malicious pickle data which will execute arbitrary code during unpickling (See https://github.com/pytorch/pytorch/blob/main/SECURITY.md#untrusted-models for more details). In a future release, the default value for `weights_only` will be flipped to `True`. This limits the functions that could be executed during unpickling. Arbitrary objects will no longer be allowed to be loaded via this mode unless they are explicitly allowlisted by the user via `torch.serialization.add_safe_globals`. We recommend you start setting `weights_only=True` for any use case where you don't have full control of the loaded file. Please open an issue on GitHub for any issues related to this experimental feature.
  quant_state = torch.load(io.BytesIO(zlib.decompress(quant_blob_disk)), map_location="cpu")
final_int8_zlib_roundtrip val_loss:2.2972 val_bpb:1.3606 eval_time:18994ms
final_int8_zlib_roundtrip_exact val_loss:2.29724118 val_bpb:1.36055562
