W0319 23:08:50.265000 139847898686080 torch/distributed/run.py:779] 
W0319 23:08:50.265000 139847898686080 torch/distributed/run.py:779] *****************************************
W0319 23:08:50.265000 139847898686080 torch/distributed/run.py:779] Setting OMP_NUM_THREADS environment variable for each process to be 1 in default, to avoid your system being overloaded, please further tune the variable for optimal performance in your application as needed. 
W0319 23:08:50.265000 139847898686080 torch/distributed/run.py:779] *****************************************
logs/exp_035.txt
val_bpb:enabled tokenizer_kind=sentencepiece tokenizer_path=./data/tokenizers/fineweb_1024_bpe.model
train_loader:dataset:fineweb10B_sp1024 train_shards:80
val_loader:shards pattern=./data/datasets/fineweb10B_sp1024/fineweb_val_*.bin tokens:62021632
model_params:17059912
world_size:8 grad_accum_steps:1
sdp_backends:cudnn=False flash=True mem_efficient=False math=False
attention_mode:gqa num_heads:8 num_kv_heads:4
tie_embeddings:True embed_lr:0.05 head_lr:0.0 matrix_lr:0.02 scalar_lr:0.04
train_batch_tokens:786432 train_seq_len:4096 iterations:20000 warmup_steps:20 max_wallclock_seconds:600.000
seed:1337
warmup_step:1/20
warmup_step:2/20
warmup_step:3/20
warmup_step:4/20
warmup_step:5/20
warmup_step:6/20
warmup_step:7/20
warmup_step:8/20
warmup_step:9/20
warmup_step:10/20
warmup_step:11/20
warmup_step:12/20
warmup_step:13/20
warmup_step:14/20
warmup_step:15/20
warmup_step:16/20
warmup_step:17/20
warmup_step:18/20
warmup_step:19/20
warmup_step:20/20
step:0/20000 val_loss:6.9344 val_bpb:4.1069 train_time:0ms step_avg:0.01ms
step:1/20000 train_loss:6.9371 train_time:120ms step_avg:120.48ms
step:2/20000 train_loss:17.9362 train_time:336ms step_avg:168.05ms
step:3/20000 train_loss:10.7781 train_time:590ms step_avg:196.75ms
step:4/20000 train_loss:6.7595 train_time:842ms step_avg:210.41ms
step:5/20000 train_loss:6.1314 train_time:1091ms step_avg:218.24ms
step:6/20000 train_loss:6.1256 train_time:1347ms step_avg:224.54ms
step:7/20000 train_loss:6.0922 train_time:1605ms step_avg:229.29ms
step:8/20000 train_loss:6.0433 train_time:1858ms step_avg:232.27ms
step:9/20000 train_loss:5.9928 train_time:2103ms step_avg:233.66ms
step:10/20000 train_loss:5.9337 train_time:2358ms step_avg:235.77ms
step:200/20000 train_loss:2.4066 train_time:33693ms step_avg:168.47ms
step:400/20000 train_loss:2.4616 train_time:60319ms step_avg:150.80ms
step:600/20000 train_loss:2.3743 train_time:92017ms step_avg:153.36ms
step:800/20000 train_loss:2.2603 train_time:126786ms step_avg:158.48ms
step:1000/20000 train_loss:2.2722 train_time:174667ms step_avg:174.67ms
step:1000/20000 val_loss:2.2263 val_bpb:1.3185 train_time:174815ms step_avg:174.81ms
step:1200/20000 train_loss:2.3458 train_time:222320ms step_avg:185.27ms
step:1400/20000 train_loss:2.1658 train_time:254062ms step_avg:181.47ms
step:1600/20000 train_loss:2.0623 train_time:275114ms step_avg:171.95ms
step:1800/20000 train_loss:2.1239 train_time:296255ms step_avg:164.59ms
step:2000/20000 train_loss:2.0656 train_time:317345ms step_avg:158.67ms
step:2000/20000 val_loss:2.1302 val_bpb:1.2616 train_time:317419ms step_avg:158.71ms
step:2200/20000 train_loss:2.1207 train_time:339123ms step_avg:154.15ms
step:2400/20000 train_loss:2.0723 train_time:367360ms step_avg:153.07ms
step:2600/20000 train_loss:2.1105 train_time:391358ms step_avg:150.52ms
step:2800/20000 train_loss:2.1536 train_time:419755ms step_avg:149.91ms
step:3000/20000 train_loss:2.1637 train_time:459880ms step_avg:153.29ms
step:3000/20000 val_loss:2.0829 val_bpb:1.2336 train_time:460025ms step_avg:153.34ms
step:3200/20000 train_loss:2.1630 train_time:507102ms step_avg:158.47ms
step:3400/20000 train_loss:2.0074 train_time:551890ms step_avg:162.32ms
step:3600/20000 train_loss:2.0788 train_time:576398ms step_avg:160.11ms
step:3800/20000 train_loss:2.0569 train_time:597913ms step_avg:157.35ms
step:3819/20000 val_loss:2.0546 val_bpb:1.2168 train_time:600083ms step_avg:157.13ms
stopping_early: wallclock_cap train_time:600083ms step:3819/20000
peak memory allocated: 19575 MiB reserved: 20858 MiB
Serialized model: 67224578 bytes
Code size: 51110 bytes
Total submission size: 67275688 bytes
Serialized model int8+zlib: 15587350 bytes (payload:17178912 raw_torch:17223564 payload_ratio:3.91x)
Total submission size int8+zlib: 15638460 bytes
/workspace/parameter-golf/train_gpt.py:1166: FutureWarning: You are using `torch.load` with `weights_only=False` (the current default value), which uses the default pickle module implicitly. It is possible to construct malicious pickle data which will execute arbitrary code during unpickling (See https://github.com/pytorch/pytorch/blob/main/SECURITY.md#untrusted-models for more details). In a future release, the default value for `weights_only` will be flipped to `True`. This limits the functions that could be executed during unpickling. Arbitrary objects will no longer be allowed to be loaded via this mode unless they are explicitly allowlisted by the user via `torch.serialization.add_safe_globals`. We recommend you start setting `weights_only=True` for any use case where you don't have full control of the loaded file. Please open an issue on GitHub for any issues related to this experimental feature.
  quant_state = torch.load(io.BytesIO(zlib.decompress(quant_blob_disk)), map_location="cpu")
/workspace/parameter-golf/train_gpt.py:1166: FutureWarning: You are using `torch.load` with `weights_only=False` (the current default value), which uses the default pickle module implicitly. It is possible to construct malicious pickle data which will execute arbitrary code during unpickling (See https://github.com/pytorch/pytorch/blob/main/SECURITY.md#untrusted-models for more details). In a future release, the default value for `weights_only` will be flipped to `True`. This limits the functions that could be executed during unpickling. Arbitrary objects will no longer be allowed to be loaded via this mode unless they are explicitly allowlisted by the user via `torch.serialization.add_safe_globals`. We recommend you start setting `weights_only=True` for any use case where you don't have full control of the loaded file. Please open an issue on GitHub for any issues related to this experimental feature.
  quant_state = torch.load(io.BytesIO(zlib.decompress(quant_blob_disk)), map_location="cpu")
/workspace/parameter-golf/train_gpt.py:1166: FutureWarning: You are using `torch.load` with `weights_only=False` (the current default value), which uses the default pickle module implicitly. It is possible to construct malicious pickle data which will execute arbitrary code during unpickling (See https://github.com/pytorch/pytorch/blob/main/SECURITY.md#untrusted-models for more details). In a future release, the default value for `weights_only` will be flipped to `True`. This limits the functions that could be executed during unpickling. Arbitrary objects will no longer be allowed to be loaded via this mode unless they are explicitly allowlisted by the user via `torch.serialization.add_safe_globals`. We recommend you start setting `weights_only=True` for any use case where you don't have full control of the loaded file. Please open an issue on GitHub for any issues related to this experimental feature.
  quant_state = torch.load(io.BytesIO(zlib.decompress(quant_blob_disk)), map_location="cpu")
/workspace/parameter-golf/train_gpt.py:1166: FutureWarning: You are using `torch.load` with `weights_only=False` (the current default value), which uses the default pickle module implicitly. It is possible to construct malicious pickle data which will execute arbitrary code during unpickling (See https://github.com/pytorch/pytorch/blob/main/SECURITY.md#untrusted-models for more details). In a future release, the default value for `weights_only` will be flipped to `True`. This limits the functions that could be executed during unpickling. Arbitrary objects will no longer be allowed to be loaded via this mode unless they are explicitly allowlisted by the user via `torch.serialization.add_safe_globals`. We recommend you start setting `weights_only=True` for any use case where you don't have full control of the loaded file. Please open an issue on GitHub for any issues related to this experimental feature.
  quant_state = torch.load(io.BytesIO(zlib.decompress(quant_blob_disk)), map_location="cpu")
/workspace/parameter-golf/train_gpt.py:1166: FutureWarning: You are using `torch.load` with `weights_only=False` (the current default value), which uses the default pickle module implicitly. It is possible to construct malicious pickle data which will execute arbitrary code during unpickling (See https://github.com/pytorch/pytorch/blob/main/SECURITY.md#untrusted-models for more details). In a future release, the default value for `weights_only` will be flipped to `True`. This limits the functions that could be executed during unpickling. Arbitrary objects will no longer be allowed to be loaded via this mode unless they are explicitly allowlisted by the user via `torch.serialization.add_safe_globals`. We recommend you start setting `weights_only=True` for any use case where you don't have full control of the loaded file. Please open an issue on GitHub for any issues related to this experimental feature.
  quant_state = torch.load(io.BytesIO(zlib.decompress(quant_blob_disk)), map_location="cpu")
/workspace/parameter-golf/train_gpt.py:1166: FutureWarning: You are using `torch.load` with `weights_only=False` (the current default value), which uses the default pickle module implicitly. It is possible to construct malicious pickle data which will execute arbitrary code during unpickling (See https://github.com/pytorch/pytorch/blob/main/SECURITY.md#untrusted-models for more details). In a future release, the default value for `weights_only` will be flipped to `True`. This limits the functions that could be executed during unpickling. Arbitrary objects will no longer be allowed to be loaded via this mode unless they are explicitly allowlisted by the user via `torch.serialization.add_safe_globals`. We recommend you start setting `weights_only=True` for any use case where you don't have full control of the loaded file. Please open an issue on GitHub for any issues related to this experimental feature.
  quant_state = torch.load(io.BytesIO(zlib.decompress(quant_blob_disk)), map_location="cpu")
/workspace/parameter-golf/train_gpt.py:1166: FutureWarning: You are using `torch.load` with `weights_only=False` (the current default value), which uses the default pickle module implicitly. It is possible to construct malicious pickle data which will execute arbitrary code during unpickling (See https://github.com/pytorch/pytorch/blob/main/SECURITY.md#untrusted-models for more details). In a future release, the default value for `weights_only` will be flipped to `True`. This limits the functions that could be executed during unpickling. Arbitrary objects will no longer be allowed to be loaded via this mode unless they are explicitly allowlisted by the user via `torch.serialization.add_safe_globals`. We recommend you start setting `weights_only=True` for any use case where you don't have full control of the loaded file. Please open an issue on GitHub for any issues related to this experimental feature.
  quant_state = torch.load(io.BytesIO(zlib.decompress(quant_blob_disk)), map_location="cpu")
/workspace/parameter-golf/train_gpt.py:1166: FutureWarning: You are using `torch.load` with `weights_only=False` (the current default value), which uses the default pickle module implicitly. It is possible to construct malicious pickle data which will execute arbitrary code during unpickling (See https://github.com/pytorch/pytorch/blob/main/SECURITY.md#untrusted-models for more details). In a future release, the default value for `weights_only` will be flipped to `True`. This limits the functions that could be executed during unpickling. Arbitrary objects will no longer be allowed to be loaded via this mode unless they are explicitly allowlisted by the user via `torch.serialization.add_safe_globals`. We recommend you start setting `weights_only=True` for any use case where you don't have full control of the loaded file. Please open an issue on GitHub for any issues related to this experimental feature.
  quant_state = torch.load(io.BytesIO(zlib.decompress(quant_blob_disk)), map_location="cpu")
final_int8_zlib_roundtrip val_loss:2.0582 val_bpb:1.2190 eval_time:2882ms
final_int8_zlib_roundtrip_exact val_loss:2.05817165 val_bpb:1.21896518
