logs/exp_026.txt
val_bpb:enabled tokenizer_kind=sentencepiece tokenizer_path=./data/tokenizers/fineweb_1024_bpe.model
train_loader:dataset:fineweb10B_sp1024 train_shards:80
val_loader:shards pattern=./data/datasets/fineweb10B_sp1024/fineweb_val_*.bin tokens:62021632
model_params:17059912
world_size:1 grad_accum_steps:8
sdp_backends:cudnn=False flash=True mem_efficient=False math=False
attention_mode:gqa num_heads:8 num_kv_heads:4
tie_embeddings:True embed_lr:0.05 head_lr:0.0 matrix_lr:0.04 scalar_lr:0.04
train_batch_tokens:393216 train_seq_len:4096 iterations:20000 warmup_steps:20 max_wallclock_seconds:120.000
seed:1337
warmup_step:1/20
warmup_step:2/20
warmup_step:3/20
warmup_step:4/20
warmup_step:5/20
warmup_step:6/20
warmup_step:7/20
warmup_step:8/20
warmup_step:9/20
warmup_step:10/20
warmup_step:11/20
warmup_step:12/20
warmup_step:13/20
warmup_step:14/20
warmup_step:15/20
warmup_step:16/20
warmup_step:17/20
warmup_step:18/20
warmup_step:19/20
warmup_step:20/20
step:0/20000 val_loss:6.9344 val_bpb:4.1069 train_time:0ms step_avg:0.02ms
step:1/20000 train_loss:6.9366 train_time:632ms step_avg:631.73ms
step:2/20000 train_loss:16.4707 train_time:1382ms step_avg:690.81ms
step:3/20000 train_loss:14.7409 train_time:2141ms step_avg:713.69ms
step:4/20000 train_loss:12.7203 train_time:2862ms step_avg:715.40ms
step:5/20000 train_loss:10.8185 train_time:3584ms step_avg:716.89ms
step:6/20000 train_loss:8.9765 train_time:4272ms step_avg:711.97ms
step:7/20000 train_loss:7.7732 train_time:4974ms step_avg:710.51ms
step:8/20000 train_loss:6.7642 train_time:5659ms step_avg:707.40ms
step:9/20000 train_loss:6.2660 train_time:6365ms step_avg:707.22ms
step:10/20000 train_loss:6.0179 train_time:7063ms step_avg:706.32ms
step:178/20000 val_loss:3.8180 val_bpb:2.2612 train_time:120503ms step_avg:676.98ms
stopping_early: wallclock_cap train_time:120503ms step:178/20000
peak memory allocated: 9912 MiB reserved: 10054 MiB
Serialized model: 67224578 bytes
Code size: 55583 bytes
Total submission size: 67280161 bytes
Serialized model int8+zlib: 7087394 bytes (payload:17178912 raw_torch:17223564 payload_ratio:3.91x)
Total submission size int8+zlib: 7142977 bytes
/workspace/parameter-golf/train_gpt.py:1245: FutureWarning: You are using `torch.load` with `weights_only=False` (the current default value), which uses the default pickle module implicitly. It is possible to construct malicious pickle data which will execute arbitrary code during unpickling (See https://github.com/pytorch/pytorch/blob/main/SECURITY.md#untrusted-models for more details). In a future release, the default value for `weights_only` will be flipped to `True`. This limits the functions that could be executed during unpickling. Arbitrary objects will no longer be allowed to be loaded via this mode unless they are explicitly allowlisted by the user via `torch.serialization.add_safe_globals`. We recommend you start setting `weights_only=True` for any use case where you don't have full control of the loaded file. Please open an issue on GitHub for any issues related to this experimental feature.
  quant_state = torch.load(io.BytesIO(zlib.decompress(quant_blob_disk)), map_location="cpu")
final_int8_zlib_roundtrip val_loss:3.8961 val_bpb:2.3075 eval_time:27697ms
final_int8_zlib_roundtrip_exact val_loss:3.89608114 val_bpb:2.30747871
ntk_rope_eval val_loss:3.9211 val_bpb:2.3223 ntk_scale:4.0 eval_time:77347ms
ntk_rope_eval_exact val_loss:3.92112912 val_bpb:2.32231353
