logs/exp_002.txt
val_bpb:enabled tokenizer_kind=sentencepiece tokenizer_path=./data/tokenizers/fineweb_1024_bpe.model
train_loader:dataset:fineweb10B_sp1024 train_shards:2
val_loader:shards pattern=./data/datasets/fineweb10B_sp1024/fineweb_val_*.bin tokens:62021632
model_params:21778504
world_size:1 grad_accum_steps:8
sdp_backends:cudnn=False flash=True mem_efficient=False math=False
attention_mode:gqa num_heads:8 num_kv_heads:4
tie_embeddings:True embed_lr:0.05 head_lr:0.0 matrix_lr:0.04 scalar_lr:0.04
train_batch_tokens:524288 train_seq_len:1024 iterations:20000 warmup_steps:20 max_wallclock_seconds:120.000
seed:1337
warmup_step:1/20
warmup_step:2/20
warmup_step:3/20
warmup_step:4/20
warmup_step:5/20
warmup_step:6/20
warmup_step:7/20
warmup_step:8/20
warmup_step:9/20
warmup_step:10/20
warmup_step:11/20
warmup_step:12/20
warmup_step:13/20
warmup_step:14/20
warmup_step:15/20
warmup_step:16/20
warmup_step:17/20
warmup_step:18/20
warmup_step:19/20
warmup_step:20/20
step:0/20000 val_loss:6.9364 val_bpb:4.1081 train_time:0ms step_avg:0.02ms
step:1/20000 train_loss:6.9380 train_time:1841ms step_avg:1841.48ms
step:2/20000 train_loss:17.1218 train_time:3718ms step_avg:1859.15ms
step:3/20000 train_loss:16.5105 train_time:5597ms step_avg:1865.64ms
step:4/20000 train_loss:15.7463 train_time:7477ms step_avg:1869.26ms
step:5/20000 train_loss:14.9967 train_time:9352ms step_avg:1870.31ms
step:6/20000 train_loss:14.1184 train_time:11230ms step_avg:1871.72ms
step:7/20000 train_loss:13.3322 train_time:13102ms step_avg:1871.73ms
step:8/20000 train_loss:12.5616 train_time:14972ms step_avg:1871.46ms
step:9/20000 train_loss:11.7821 train_time:16855ms step_avg:1872.78ms
step:10/20000 train_loss:11.0242 train_time:18735ms step_avg:1873.49ms
step:65/20000 val_loss:5.4572 val_bpb:3.2321 train_time:121815ms step_avg:1874.08ms
stopping_early: wallclock_cap train_time:121815ms step:65/20000
peak memory allocated: 14233 MiB reserved: 14932 MiB
Serialized model: 86102220 bytes
Code size: 47823 bytes
Total submission size: 86150043 bytes
Serialized model int8+zlib: 7774835 bytes (payload:21915936 raw_torch:21966312 payload_ratio:3.93x)
Total submission size int8+zlib: 7822658 bytes
/workspace/parameter-golf/train_gpt.py:1101: FutureWarning: You are using `torch.load` with `weights_only=False` (the current default value), which uses the default pickle module implicitly. It is possible to construct malicious pickle data which will execute arbitrary code during unpickling (See https://github.com/pytorch/pytorch/blob/main/SECURITY.md#untrusted-models for more details). In a future release, the default value for `weights_only` will be flipped to `True`. This limits the functions that could be executed during unpickling. Arbitrary objects will no longer be allowed to be loaded via this mode unless they are explicitly allowlisted by the user via `torch.serialization.add_safe_globals`. We recommend you start setting `weights_only=True` for any use case where you don't have full control of the loaded file. Please open an issue on GitHub for any issues related to this experimental feature.
  quant_state = torch.load(io.BytesIO(zlib.decompress(quant_blob_disk)), map_location="cpu")
final_int8_zlib_roundtrip val_loss:5.5108 val_bpb:3.2638 eval_time:64479ms
final_int8_zlib_roundtrip_exact val_loss:5.51082221 val_bpb:3.26381932
