logs/exp_010.txt
val_bpb:enabled tokenizer_kind=sentencepiece tokenizer_path=./data/tokenizers/fineweb_1024_bpe.model
train_loader:dataset:fineweb10B_sp1024 train_shards:80
val_loader:shards pattern=./data/datasets/fineweb10B_sp1024/fineweb_val_*.bin tokens:62021632
model_params:6037016
world_size:1 grad_accum_steps:8
sdp_backends:cudnn=False flash=True mem_efficient=False math=False
attention_mode:gqa num_heads:8 num_kv_heads:4
tie_embeddings:True embed_lr:0.05 head_lr:0.0 matrix_lr:0.04 scalar_lr:0.04
train_batch_tokens:524288 train_seq_len:1024 iterations:20000 warmup_steps:20 max_wallclock_seconds:120.000
seed:1337
warmup_step:1/20
warmup_step:2/20
warmup_step:3/20
warmup_step:4/20
warmup_step:5/20
warmup_step:6/20
warmup_step:7/20
warmup_step:8/20
warmup_step:9/20
warmup_step:10/20
warmup_step:11/20
warmup_step:12/20
warmup_step:13/20
warmup_step:14/20
warmup_step:15/20
warmup_step:16/20
warmup_step:17/20
warmup_step:18/20
warmup_step:19/20
warmup_step:20/20
step:0/20000 val_loss:6.9355 val_bpb:4.1076 train_time:0ms step_avg:0.03ms
step:1/20000 train_loss:6.9373 train_time:347ms step_avg:347.13ms
step:2/20000 train_loss:17.1102 train_time:844ms step_avg:421.85ms
step:3/20000 train_loss:14.6286 train_time:1331ms step_avg:443.81ms
step:4/20000 train_loss:11.7956 train_time:1841ms step_avg:460.26ms
step:5/20000 train_loss:9.2826 train_time:2256ms step_avg:451.14ms
step:6/20000 train_loss:7.4935 train_time:2743ms step_avg:457.24ms
step:7/20000 train_loss:6.4616 train_time:3479ms step_avg:497.02ms
step:8/20000 train_loss:6.0943 train_time:3966ms step_avg:495.72ms
step:9/20000 train_loss:5.9108 train_time:4457ms step_avg:495.22ms
step:10/20000 train_loss:5.8354 train_time:4941ms step_avg:494.05ms
step:200/20000 train_loss:3.0183 train_time:77236ms step_avg:386.18ms
step:312/20000 val_loss:2.8739 val_bpb:1.7021 train_time:120257ms step_avg:385.44ms
stopping_early: wallclock_cap train_time:120257ms step:312/20000
peak memory allocated: 9519 MiB reserved: 9824 MiB
Serialized model: 23111302 bytes
Code size: 48302 bytes
Total submission size: 23159604 bytes
Serialized model int8+zlib: 3122548 bytes (payload:6080608 raw_torch:6095933 payload_ratio:3.80x)
Total submission size int8+zlib: 3170850 bytes
/workspace/parameter-golf/train_gpt.py:1113: FutureWarning: You are using `torch.load` with `weights_only=False` (the current default value), which uses the default pickle module implicitly. It is possible to construct malicious pickle data which will execute arbitrary code during unpickling (See https://github.com/pytorch/pytorch/blob/main/SECURITY.md#untrusted-models for more details). In a future release, the default value for `weights_only` will be flipped to `True`. This limits the functions that could be executed during unpickling. Arbitrary objects will no longer be allowed to be loaded via this mode unless they are explicitly allowlisted by the user via `torch.serialization.add_safe_globals`. We recommend you start setting `weights_only=True` for any use case where you don't have full control of the loaded file. Please open an issue on GitHub for any issues related to this experimental feature.
  quant_state = torch.load(io.BytesIO(zlib.decompress(quant_blob_disk)), map_location="cpu")
final_int8_zlib_roundtrip val_loss:2.9526 val_bpb:1.7487 eval_time:12418ms
final_int8_zlib_roundtrip_exact val_loss:2.95261824 val_bpb:1.74870683
