logs/exp_004.txt
val_bpb:enabled tokenizer_kind=sentencepiece tokenizer_path=./data/tokenizers/fineweb_1024_bpe.model
train_loader:dataset:fineweb10B_sp1024 train_shards:2
val_loader:shards pattern=./data/datasets/fineweb10B_sp1024/fineweb_val_*.bin tokens:62021632
model_params:7873568
world_size:1 grad_accum_steps:8
sdp_backends:cudnn=False flash=True mem_efficient=False math=False
attention_mode:gqa num_heads:8 num_kv_heads:4
tie_embeddings:True embed_lr:0.05 head_lr:0.0 matrix_lr:0.04 scalar_lr:0.04
train_batch_tokens:524288 train_seq_len:1024 iterations:20000 warmup_steps:20 max_wallclock_seconds:120.000
seed:1337
warmup_step:1/20
warmup_step:2/20
warmup_step:3/20
warmup_step:4/20
warmup_step:5/20
warmup_step:6/20
warmup_step:7/20
warmup_step:8/20
warmup_step:9/20
warmup_step:10/20
warmup_step:11/20
warmup_step:12/20
warmup_step:13/20
warmup_step:14/20
warmup_step:15/20
warmup_step:16/20
warmup_step:17/20
warmup_step:18/20
warmup_step:19/20
warmup_step:20/20
step:0/20000 val_loss:6.9336 val_bpb:4.1065 train_time:0ms step_avg:0.02ms
step:1/20000 train_loss:6.9365 train_time:724ms step_avg:724.36ms
step:2/20000 train_loss:17.3495 train_time:1464ms step_avg:731.90ms
step:3/20000 train_loss:15.7531 train_time:2305ms step_avg:768.48ms
step:4/20000 train_loss:13.8387 train_time:3104ms step_avg:775.95ms
step:5/20000 train_loss:11.9889 train_time:3845ms step_avg:769.09ms
step:6/20000 train_loss:10.2391 train_time:4588ms step_avg:764.64ms
step:7/20000 train_loss:8.7313 train_time:5369ms step_avg:767.00ms
step:8/20000 train_loss:7.6778 train_time:6148ms step_avg:768.56ms
step:9/20000 train_loss:6.8952 train_time:7012ms step_avg:779.11ms
step:10/20000 train_loss:6.4069 train_time:7803ms step_avg:780.33ms
step:159/20000 val_loss:4.0066 val_bpb:2.3729 train_time:120170ms step_avg:755.79ms
stopping_early: wallclock_cap train_time:120170ms step:159/20000
peak memory allocated: 6061 MiB reserved: 6160 MiB
Serialized model: 30461136 bytes
Code size: 47781 bytes
Total submission size: 30508917 bytes
Serialized model int8+zlib: 3302518 bytes (payload:7927936 raw_torch:7948045 payload_ratio:3.84x)
Total submission size int8+zlib: 3350299 bytes
/workspace/parameter-golf/train_gpt.py:1101: FutureWarning: You are using `torch.load` with `weights_only=False` (the current default value), which uses the default pickle module implicitly. It is possible to construct malicious pickle data which will execute arbitrary code during unpickling (See https://github.com/pytorch/pytorch/blob/main/SECURITY.md#untrusted-models for more details). In a future release, the default value for `weights_only` will be flipped to `True`. This limits the functions that could be executed during unpickling. Arbitrary objects will no longer be allowed to be loaded via this mode unless they are explicitly allowlisted by the user via `torch.serialization.add_safe_globals`. We recommend you start setting `weights_only=True` for any use case where you don't have full control of the loaded file. Please open an issue on GitHub for any issues related to this experimental feature.
  quant_state = torch.load(io.BytesIO(zlib.decompress(quant_blob_disk)), map_location="cpu")
final_int8_zlib_roundtrip val_loss:4.0596 val_bpb:2.4043 eval_time:25465ms
final_int8_zlib_roundtrip_exact val_loss:4.05955506 val_bpb:2.40429717
