logs/exp_028.txt
val_bpb:enabled tokenizer_kind=sentencepiece tokenizer_path=./data/tokenizers/fineweb_1024_bpe.model
train_loader:dataset:fineweb10B_sp1024 train_shards:80
val_loader:shards pattern=./data/datasets/fineweb10B_sp1024/fineweb_val_*.bin tokens:62021632
model_params:17059912
world_size:1 grad_accum_steps:8
sdp_backends:cudnn=False flash=True mem_efficient=False math=False
attention_mode:gqa num_heads:8 num_kv_heads:4
tie_embeddings:True embed_lr:0.05 head_lr:0.0 matrix_lr:0.04 scalar_lr:0.04
train_batch_tokens:393216 train_seq_len:4096 iterations:20000 warmup_steps:20 max_wallclock_seconds:600.000
seed:1337
warmup_step:1/20
warmup_step:2/20
warmup_step:3/20
warmup_step:4/20
warmup_step:5/20
warmup_step:6/20
warmup_step:7/20
warmup_step:8/20
warmup_step:9/20
warmup_step:10/20
warmup_step:11/20
warmup_step:12/20
warmup_step:13/20
warmup_step:14/20
warmup_step:15/20
warmup_step:16/20
warmup_step:17/20
warmup_step:18/20
warmup_step:19/20
warmup_step:20/20
step:0/20000 val_loss:6.9344 val_bpb:4.1069 train_time:0ms step_avg:0.02ms
step:1/20000 train_loss:6.9366 train_time:635ms step_avg:634.67ms
step:2/20000 train_loss:16.4707 train_time:1373ms step_avg:686.61ms
step:3/20000 train_loss:8.1570 train_time:2074ms step_avg:691.20ms
step:4/20000 train_loss:6.7601 train_time:2769ms step_avg:692.23ms
step:5/20000 train_loss:6.9478 train_time:3473ms step_avg:694.59ms
step:6/20000 train_loss:6.7166 train_time:4170ms step_avg:694.93ms
step:7/20000 train_loss:6.5930 train_time:4872ms step_avg:696.01ms
step:8/20000 train_loss:6.2114 train_time:5563ms step_avg:695.40ms
step:9/20000 train_loss:6.0991 train_time:6282ms step_avg:698.01ms
step:10/20000 train_loss:6.0114 train_time:6965ms step_avg:696.53ms
step:200/20000 train_loss:2.8770 train_time:135677ms step_avg:678.39ms
step:400/20000 train_loss:2.5303 train_time:271449ms step_avg:678.62ms
step:600/20000 train_loss:2.4046 train_time:407367ms step_avg:678.95ms
step:800/20000 train_loss:2.3631 train_time:543173ms step_avg:678.97ms
step:884/20000 val_loss:2.2761 val_bpb:1.3481 train_time:600295ms step_avg:679.07ms
stopping_early: wallclock_cap train_time:600295ms step:884/20000
peak memory allocated: 9912 MiB reserved: 10054 MiB
Serialized model: 67224578 bytes
Code size: 55583 bytes
Total submission size: 67280161 bytes
Serialized model int8+zlib: 14021708 bytes (payload:17178912 raw_torch:17223564 payload_ratio:3.91x)
Total submission size int8+zlib: 14077291 bytes
/workspace/parameter-golf/train_gpt.py:1245: FutureWarning: You are using `torch.load` with `weights_only=False` (the current default value), which uses the default pickle module implicitly. It is possible to construct malicious pickle data which will execute arbitrary code during unpickling (See https://github.com/pytorch/pytorch/blob/main/SECURITY.md#untrusted-models for more details). In a future release, the default value for `weights_only` will be flipped to `True`. This limits the functions that could be executed during unpickling. Arbitrary objects will no longer be allowed to be loaded via this mode unless they are explicitly allowlisted by the user via `torch.serialization.add_safe_globals`. We recommend you start setting `weights_only=True` for any use case where you don't have full control of the loaded file. Please open an issue on GitHub for any issues related to this experimental feature.
  quant_state = torch.load(io.BytesIO(zlib.decompress(quant_blob_disk)), map_location="cpu")
final_int8_zlib_roundtrip val_loss:2.2775 val_bpb:1.3489 eval_time:28219ms
final_int8_zlib_roundtrip_exact val_loss:2.27751468 val_bpb:1.34887248
